<?xml version="1.0" encoding="utf-8"?>
<CoverageSession xmlns:xsd="http://www.w3.org/2001/XMLSchema" xmlns:xsi="http://www.w3.org/2001/XMLSchema-instance" Version="0.0.0.0">
  <Summary numSequencePoints="3355" visitedSequencePoints="3162" numBranchPoints="0" visitedBranchPoints="0" sequenceCoverage="94.25" branchCoverage="0.0" maxCyclomaticComplexity="24" minCyclomaticComplexity="1" maxCrapScore="24.02" minCrapScore="1" visitedClasses="92" numClasses="93" visitedMethods="357" numMethods="358" />
  <Modules>
    <Module>
      <Summary numSequencePoints="8" visitedSequencePoints="0" numBranchPoints="0" visitedBranchPoints="0" sequenceCoverage="0.0" branchCoverage="0.0" maxCyclomaticComplexity="2" minCyclomaticComplexity="2" maxCrapScore="6" minCrapScore="6" visitedClasses="0" numClasses="1" visitedMethods="0" numMethods="1" />
      <ModuleTime>0001-01-01T00:00:00</ModuleTime>
      <ModuleName>Assembly-CSharp-Editor</ModuleName>
      <Files>
        <File uid="1" fullPath="/github/workspace/Assets/Editor/BuildCommand.cs" />
      </Files>
      <Classes>
        <Class>
          <Summary numSequencePoints="8" visitedSequencePoints="0" numBranchPoints="0" visitedBranchPoints="0" sequenceCoverage="0.0" branchCoverage="0.0" maxCyclomaticComplexity="2" minCyclomaticComplexity="2" maxCrapScore="6" minCrapScore="6" visitedClasses="0" numClasses="1" visitedMethods="0" numMethods="1" />
          <FullName>BuildCommand</FullName>
          <Methods>
            <Method visited="false" cyclomaticComplexity="2" nPathComplexity="0" sequenceCoverage="0.0" branchCoverage="0" crapScore="6" isConstructor="false" isStatic="true" isGetter="false" isSetter="false">
              <Summary numSequencePoints="8" visitedSequencePoints="0" numBranchPoints="0" visitedBranchPoints="0" sequenceCoverage="0.0" branchCoverage="0" maxCyclomaticComplexity="2" minCyclomaticComplexity="2" maxCrapScore="6" minCrapScore="6" visitedClasses="0" numClasses="0" visitedMethods="0" numMethods="1" />
              <MetadataToken>100663304</MetadataToken>
              <Name>static System.Boolean BuildCommand::TryConvertToEnum[TEnum](System.String, )</Name>
              <FileRef uid="1" />
              <SequencePoints>
                <SequencePoint vc="0" uspid="3758" ordinal="0" offset="0" sl="138" sc="0" el="138" ec="0" bec="0" bev="0" fileid="1" />
                <SequencePoint vc="0" uspid="3759" ordinal="0" offset="1" sl="139" sc="0" el="139" ec="0" bec="0" bev="0" fileid="1" />
                <SequencePoint vc="0" uspid="3760" ordinal="0" offset="24" sl="140" sc="0" el="140" ec="0" bec="0" bev="0" fileid="1" />
                <SequencePoint vc="0" uspid="3761" ordinal="0" offset="25" sl="141" sc="0" el="141" ec="0" bec="0" bev="0" fileid="1" />
                <SequencePoint vc="0" uspid="3762" ordinal="0" offset="32" sl="142" sc="0" el="142" ec="0" bec="0" bev="0" fileid="1" />
                <SequencePoint vc="0" uspid="3763" ordinal="0" offset="36" sl="145" sc="0" el="145" ec="0" bec="0" bev="0" fileid="1" />
                <SequencePoint vc="0" uspid="3764" ordinal="0" offset="63" sl="146" sc="0" el="146" ec="0" bec="0" bev="0" fileid="1" />
                <SequencePoint vc="0" uspid="3765" ordinal="0" offset="67" sl="147" sc="0" el="147" ec="0" bec="0" bev="0" fileid="1" />
              </SequencePoints>
              <BranchPoints />
            </Method>
          </Methods>
        </Class>
      </Classes>
    </Module>
    <Module>
      <Summary numSequencePoints="2275" visitedSequencePoints="2101" numBranchPoints="0" visitedBranchPoints="0" sequenceCoverage="92.35" branchCoverage="0.0" maxCyclomaticComplexity="24" minCyclomaticComplexity="1" maxCrapScore="24.02" minCrapScore="1" visitedClasses="37" numClasses="37" visitedMethods="265" numMethods="265" />
      <ModuleTime>0001-01-01T00:00:00</ModuleTime>
      <ModuleName>BomberManAssembly</ModuleName>
      <Files>
        <File uid="2" fullPath="/github/workspace/Assets/Scripts/Menu/HideInWebGL.cs" />
        <File uid="3" fullPath="/github/workspace/Assets/Scripts/Persistance/BombSave.cs" />
        <File uid="4" fullPath="/github/workspace/Assets/Scripts/Persistance/BonusSave.cs" />
        <File uid="5" fullPath="/github/workspace/Assets/Scripts/Persistance/GameSave.cs" />
        <File uid="6" fullPath="/github/workspace/Assets/Scripts/Persistance/MapEntitySave.cs" />
        <File uid="7" fullPath="/github/workspace/Assets/Scripts/Persistance/MonsterSave.cs" />
        <File uid="8" fullPath="/github/workspace/Assets/Scripts/Persistance/MovingEntitySave.cs" />
        <File uid="9" fullPath="/github/workspace/Assets/Scripts/Persistance/ObstacleSave.cs" />
        <File uid="10" fullPath="/github/workspace/Assets/Scripts/Persistance/PlayerSave.cs" />
        <File uid="11" fullPath="/github/workspace/Assets/Scripts/PathFinding/BFS.cs" />
        <File uid="12" fullPath="/github/workspace/Assets/Scripts/PathFinding/BFSCell.cs" />
        <File uid="13" fullPath="/github/workspace/Assets/Scripts/Menu/KeyBindScript.cs" />
        <File uid="14" fullPath="/github/workspace/Assets/Scripts/Menu/MainMenu.cs" />
        <File uid="15" fullPath="/github/workspace/Assets/Scripts/Menu/MainMenuConfig.cs" />
        <File uid="16" fullPath="/github/workspace/Assets/Scripts/Menu/MenuController.cs" />
        <File uid="17" fullPath="/github/workspace/Assets/Scripts/Menu/ModalWindowScript.cs" />
        <File uid="18" fullPath="/github/workspace/Assets/Scripts/Menu/PlayerInGameMenuHandler.cs" />
        <File uid="19" fullPath="/github/workspace/Assets/Scripts/Menu/SavesMenu.cs" />
        <File uid="20" fullPath="/github/workspace/Assets/Scripts/Menu/SoundManage.cs" />
        <File uid="21" fullPath="/github/workspace/Assets/Scripts/Game/BasicBrain.cs" />
        <File uid="22" fullPath="/github/workspace/Assets/Scripts/Game/Bomb.cs" />
        <File uid="23" fullPath="/github/workspace/Assets/Scripts/Game/Bonus.cs" />
        <File uid="24" fullPath="/github/workspace/Assets/Scripts/Game/Config.cs" />
        <File uid="25" fullPath="/github/workspace/Assets/Scripts/Game/GameBoard.cs" />
        <File uid="26" fullPath="/github/workspace/Assets/Scripts/Game/GhostBrain.cs" />
        <File uid="27" fullPath="/github/workspace/Assets/Scripts/Game/MapEntity.cs" />
        <File uid="28" fullPath="/github/workspace/Assets/Scripts/Game/Monster.cs" />
        <File uid="29" fullPath="/github/workspace/Assets/Scripts/Game/MonsterBrain.cs" />
        <File uid="30" fullPath="/github/workspace/Assets/Scripts/Game/MovingEntity.cs" />
        <File uid="31" fullPath="/github/workspace/Assets/Scripts/Game/Obstacle.cs" />
        <File uid="32" fullPath="/github/workspace/Assets/Scripts/Game/Player.cs" />
        <File uid="33" fullPath="/github/workspace/Assets/Scripts/Game/SmartyBrain.cs" />
        <File uid="34" fullPath="/github/workspace/Assets/Scripts/Game/StalkerBrain.cs" />
        <File uid="35" fullPath="/github/workspace/Assets/Scripts/DataTypes/Position.cs" />
      </Files>
      <Classes>
        <Class>
          <Summary numSequencePoints="2" visitedSequencePoints="2" numBranchPoints="0" visitedBranchPoints="0" sequenceCoverage="100.0" branchCoverage="0.0" maxCyclomaticComplexity="1" minCyclomaticComplexity="1" maxCrapScore="1" minCrapScore="1" visitedClasses="1" numClasses="1" visitedMethods="1" numMethods="1" />
          <FullName>HideInWebGL</FullName>
          <Methods>
            <Method visited="true" cyclomaticComplexity="1" nPathComplexity="0" sequenceCoverage="100.0" branchCoverage="0" crapScore="1" isConstructor="false" isStatic="false" isGetter="false" isSetter="false">
              <Summary numSequencePoints="2" visitedSequencePoints="2" numBranchPoints="0" visitedBranchPoints="0" sequenceCoverage="100.0" branchCoverage="0" maxCyclomaticComplexity="1" minCyclomaticComplexity="1" maxCrapScore="1" minCrapScore="1" visitedClasses="0" numClasses="0" visitedMethods="1" numMethods="1" />
              <MetadataToken>100663297</MetadataToken>
              <Name>System.Void HideInWebGL::Start()</Name>
              <FileRef uid="2" />
              <SequencePoints>
                <SequencePoint vc="4" uspid="3882" ordinal="0" offset="0" sl="14" sc="5" el="14" ec="5" bec="0" bev="0" fileid="2" />
                <SequencePoint vc="4" uspid="3883" ordinal="0" offset="1" sl="23" sc="5" el="23" ec="5" bec="0" bev="0" fileid="2" />
              </SequencePoints>
              <BranchPoints />
            </Method>
          </Methods>
        </Class>
        <Class>
          <Summary numSequencePoints="10" visitedSequencePoints="10" numBranchPoints="0" visitedBranchPoints="0" sequenceCoverage="100.0" branchCoverage="0.0" maxCyclomaticComplexity="1" minCyclomaticComplexity="1" maxCrapScore="1" minCrapScore="1" visitedClasses="1" numClasses="1" visitedMethods="2" numMethods="2" />
          <FullName>Persistance.BombSave</FullName>
          <Methods>
            <Method visited="true" cyclomaticComplexity="1" nPathComplexity="0" sequenceCoverage="100.0" branchCoverage="0" crapScore="1" isConstructor="false" isStatic="false" isGetter="false" isSetter="false">
              <Summary numSequencePoints="8" visitedSequencePoints="8" numBranchPoints="0" visitedBranchPoints="0" sequenceCoverage="100.0" branchCoverage="0" maxCyclomaticComplexity="1" minCyclomaticComplexity="1" maxCrapScore="1" minCrapScore="1" visitedClasses="0" numClasses="0" visitedMethods="1" numMethods="1" />
              <MetadataToken>100663301</MetadataToken>
              <Name>System.Void Persistance.BombSave::SaveBomb(Bomberman.Bomb)</Name>
              <FileRef uid="3" />
              <SequencePoints>
                <SequencePoint vc="11" uspid="3884" ordinal="0" offset="0" sl="44" sc="9" el="44" ec="9" bec="0" bev="0" fileid="3" />
                <SequencePoint vc="11" uspid="3885" ordinal="0" offset="1" sl="45" sc="13" el="45" ec="13" bec="0" bev="0" fileid="3" />
                <SequencePoint vc="11" uspid="3886" ordinal="0" offset="13" sl="46" sc="13" el="46" ec="13" bec="0" bev="0" fileid="3" />
                <SequencePoint vc="11" uspid="3887" ordinal="0" offset="25" sl="47" sc="13" el="47" ec="13" bec="0" bev="0" fileid="3" />
                <SequencePoint vc="11" uspid="3888" ordinal="0" offset="37" sl="48" sc="13" el="48" ec="13" bec="0" bev="0" fileid="3" />
                <SequencePoint vc="11" uspid="3889" ordinal="0" offset="49" sl="49" sc="13" el="49" ec="13" bec="0" bev="0" fileid="3" />
                <SequencePoint vc="11" uspid="3890" ordinal="0" offset="61" sl="51" sc="13" el="51" ec="13" bec="0" bev="0" fileid="3" />
                <SequencePoint vc="11" uspid="3891" ordinal="0" offset="69" sl="52" sc="9" el="52" ec="9" bec="0" bev="0" fileid="3" />
              </SequencePoints>
              <BranchPoints />
            </Method>
            <Method visited="true" cyclomaticComplexity="1" nPathComplexity="0" sequenceCoverage="100.0" branchCoverage="0" crapScore="1" isConstructor="true" isStatic="false" isGetter="false" isSetter="false">
              <Summary numSequencePoints="2" visitedSequencePoints="2" numBranchPoints="0" visitedBranchPoints="0" sequenceCoverage="100.0" branchCoverage="0" maxCyclomaticComplexity="1" minCyclomaticComplexity="1" maxCrapScore="1" minCrapScore="1" visitedClasses="0" numClasses="0" visitedMethods="1" numMethods="1" />
              <MetadataToken>100663302</MetadataToken>
              <Name>Persistance.BombSave::BombSave()</Name>
              <FileRef uid="3" />
              <SequencePoints>
                <SequencePoint vc="22" uspid="3892" ordinal="0" offset="0" sl="32" sc="9" el="32" ec="9" bec="0" bev="0" fileid="3" />
                <SequencePoint vc="22" uspid="3893" ordinal="0" offset="11" sl="37" sc="9" el="37" ec="9" bec="0" bev="0" fileid="3" />
              </SequencePoints>
              <BranchPoints />
            </Method>
          </Methods>
        </Class>
        <Class>
          <Summary numSequencePoints="7" visitedSequencePoints="7" numBranchPoints="0" visitedBranchPoints="0" sequenceCoverage="100.0" branchCoverage="0.0" maxCyclomaticComplexity="1" minCyclomaticComplexity="1" maxCrapScore="1" minCrapScore="1" visitedClasses="1" numClasses="1" visitedMethods="1" numMethods="1" />
          <FullName>Persistance.BonusSave</FullName>
          <Methods>
            <Method visited="true" cyclomaticComplexity="1" nPathComplexity="0" sequenceCoverage="100.0" branchCoverage="0" crapScore="1" isConstructor="false" isStatic="false" isGetter="false" isSetter="false">
              <Summary numSequencePoints="7" visitedSequencePoints="7" numBranchPoints="0" visitedBranchPoints="0" sequenceCoverage="100.0" branchCoverage="0" maxCyclomaticComplexity="1" minCyclomaticComplexity="1" maxCrapScore="1" minCrapScore="1" visitedClasses="0" numClasses="0" visitedMethods="1" numMethods="1" />
              <MetadataToken>100663303</MetadataToken>
              <Name>System.Void Persistance.BonusSave::SaveBonus(Bomberman.Bonus)</Name>
              <FileRef uid="4" />
              <SequencePoints>
                <SequencePoint vc="19" uspid="3894" ordinal="0" offset="0" sl="36" sc="9" el="36" ec="9" bec="0" bev="0" fileid="4" />
                <SequencePoint vc="19" uspid="3895" ordinal="0" offset="1" sl="38" sc="13" el="38" ec="13" bec="0" bev="0" fileid="4" />
                <SequencePoint vc="19" uspid="3896" ordinal="0" offset="9" sl="39" sc="13" el="39" ec="13" bec="0" bev="0" fileid="4" />
                <SequencePoint vc="19" uspid="3897" ordinal="0" offset="21" sl="40" sc="13" el="40" ec="13" bec="0" bev="0" fileid="4" />
                <SequencePoint vc="19" uspid="3898" ordinal="0" offset="33" sl="41" sc="13" el="41" ec="13" bec="0" bev="0" fileid="4" />
                <SequencePoint vc="19" uspid="3899" ordinal="0" offset="45" sl="42" sc="13" el="42" ec="13" bec="0" bev="0" fileid="4" />
                <SequencePoint vc="19" uspid="3900" ordinal="0" offset="57" sl="43" sc="9" el="43" ec="9" bec="0" bev="0" fileid="4" />
              </SequencePoints>
              <BranchPoints />
            </Method>
          </Methods>
        </Class>
        <Class>
          <Summary numSequencePoints="66" visitedSequencePoints="66" numBranchPoints="0" visitedBranchPoints="0" sequenceCoverage="100.0" branchCoverage="0.0" maxCyclomaticComplexity="9" minCyclomaticComplexity="1" maxCrapScore="9" minCrapScore="1" visitedClasses="1" numClasses="1" visitedMethods="2" numMethods="2" />
          <FullName>Persistance.GameSave</FullName>
          <Methods>
            <Method visited="true" cyclomaticComplexity="1" nPathComplexity="0" sequenceCoverage="100.0" branchCoverage="0" crapScore="1" isConstructor="true" isStatic="false" isGetter="false" isSetter="false">
              <Summary numSequencePoints="6" visitedSequencePoints="6" numBranchPoints="0" visitedBranchPoints="0" sequenceCoverage="100.0" branchCoverage="0" maxCyclomaticComplexity="1" minCyclomaticComplexity="1" maxCrapScore="1" minCrapScore="1" visitedClasses="0" numClasses="0" visitedMethods="1" numMethods="1" />
              <MetadataToken>100663305</MetadataToken>
              <Name>Persistance.GameSave::GameSave()</Name>
              <FileRef uid="5" />
              <SequencePoints>
                <SequencePoint vc="3" uspid="3901" ordinal="0" offset="0" sl="58" sc="9" el="58" ec="9" bec="0" bev="0" fileid="5" />
                <SequencePoint vc="3" uspid="3902" ordinal="0" offset="11" sl="62" sc="9" el="62" ec="9" bec="0" bev="0" fileid="5" />
                <SequencePoint vc="3" uspid="3903" ordinal="0" offset="22" sl="66" sc="9" el="66" ec="9" bec="0" bev="0" fileid="5" />
                <SequencePoint vc="3" uspid="3904" ordinal="0" offset="33" sl="77" sc="9" el="77" ec="9" bec="0" bev="0" fileid="5" />
                <SequencePoint vc="3" uspid="3905" ordinal="0" offset="40" sl="78" sc="9" el="78" ec="9" bec="0" bev="0" fileid="5" />
                <SequencePoint vc="3" uspid="3906" ordinal="0" offset="41" sl="79" sc="9" el="79" ec="9" bec="0" bev="0" fileid="5" />
              </SequencePoints>
              <BranchPoints />
            </Method>
            <Method visited="true" cyclomaticComplexity="9" nPathComplexity="0" sequenceCoverage="100.0" branchCoverage="0" crapScore="9" isConstructor="true" isStatic="false" isGetter="false" isSetter="false">
              <Summary numSequencePoints="60" visitedSequencePoints="60" numBranchPoints="0" visitedBranchPoints="0" sequenceCoverage="100.0" branchCoverage="0" maxCyclomaticComplexity="9" minCyclomaticComplexity="9" maxCrapScore="9" minCrapScore="9" visitedClasses="0" numClasses="0" visitedMethods="1" numMethods="1" />
              <MetadataToken>100663306</MetadataToken>
              <Name>Persistance.GameSave::GameSave(Bomberman.GameBoard, UnityEngine.Vector3)</Name>
              <FileRef uid="5" />
              <SequencePoints>
                <SequencePoint vc="3" uspid="3907" ordinal="0" offset="0" sl="58" sc="9" el="58" ec="9" bec="0" bev="0" fileid="5" />
                <SequencePoint vc="3" uspid="3908" ordinal="0" offset="11" sl="62" sc="9" el="62" ec="9" bec="0" bev="0" fileid="5" />
                <SequencePoint vc="3" uspid="3909" ordinal="0" offset="22" sl="66" sc="9" el="66" ec="9" bec="0" bev="0" fileid="5" />
                <SequencePoint vc="3" uspid="3910" ordinal="0" offset="33" sl="86" sc="9" el="86" ec="9" bec="0" bev="0" fileid="5" />
                <SequencePoint vc="3" uspid="3911" ordinal="0" offset="40" sl="87" sc="9" el="87" ec="9" bec="0" bev="0" fileid="5" />
                <SequencePoint vc="3" uspid="3912" ordinal="0" offset="41" sl="88" sc="13" el="88" ec="13" bec="0" bev="0" fileid="5" />
                <SequencePoint vc="3" uspid="3913" ordinal="0" offset="53" sl="89" sc="13" el="89" ec="13" bec="0" bev="0" fileid="5" />
                <SequencePoint vc="3" uspid="3914" ordinal="0" offset="65" sl="90" sc="13" el="90" ec="13" bec="0" bev="0" fileid="5" />
                <SequencePoint vc="3" uspid="3915" ordinal="0" offset="77" sl="91" sc="13" el="91" ec="13" bec="0" bev="0" fileid="5" />
                <SequencePoint vc="3" uspid="3916" ordinal="0" offset="88" sl="92" sc="13" el="92" ec="13" bec="0" bev="0" fileid="5" />
                <SequencePoint vc="3" uspid="3917" ordinal="0" offset="99" sl="93" sc="13" el="93" ec="13" bec="0" bev="0" fileid="5" />
                <SequencePoint vc="3" uspid="3918" ordinal="0" offset="111" sl="94" sc="13" el="94" ec="13" bec="0" bev="0" fileid="5" />
                <SequencePoint vc="3" uspid="3919" ordinal="0" offset="123" sl="95" sc="13" el="95" ec="13" bec="0" bev="0" fileid="5" />
                <SequencePoint vc="3" uspid="3920" ordinal="0" offset="135" sl="96" sc="13" el="96" ec="13" bec="0" bev="0" fileid="5" />
                <SequencePoint vc="3" uspid="3921" ordinal="0" offset="147" sl="99" sc="13" el="99" ec="13" bec="0" bev="0" fileid="5" />
                <SequencePoint vc="3" uspid="3922" ordinal="0" offset="148" sl="99" sc="37" el="99" ec="37" bec="0" bev="0" fileid="5" />
                <SequencePoint vc="12" uspid="3923" ordinal="0" offset="162" sl="99" sc="22" el="99" ec="22" bec="0" bev="0" fileid="5" />
                <SequencePoint vc="12" uspid="3924" ordinal="0" offset="170" sl="100" sc="13" el="100" ec="13" bec="0" bev="0" fileid="5" />
                <SequencePoint vc="12" uspid="3925" ordinal="0" offset="171" sl="101" sc="17" el="101" ec="17" bec="0" bev="0" fileid="5" />
                <SequencePoint vc="12" uspid="3926" ordinal="0" offset="177" sl="102" sc="17" el="102" ec="17" bec="0" bev="0" fileid="5" />
                <SequencePoint vc="12" uspid="3927" ordinal="0" offset="185" sl="104" sc="17" el="104" ec="17" bec="0" bev="0" fileid="5" />
                <SequencePoint vc="12" uspid="3928" ordinal="0" offset="198" sl="105" sc="13" el="105" ec="13" bec="0" bev="0" fileid="5" />
                <SequencePoint vc="15" uspid="3929" ordinal="0" offset="199" sl="99" sc="34" el="99" ec="34" bec="0" bev="0" fileid="5" />
                <SequencePoint vc="3" uspid="3930" ordinal="0" offset="225" sl="107" sc="13" el="107" ec="13" bec="0" bev="0" fileid="5" />
                <SequencePoint vc="3" uspid="3931" ordinal="0" offset="226" sl="107" sc="36" el="107" ec="36" bec="0" bev="0" fileid="5" />
                <SequencePoint vc="9" uspid="3932" ordinal="0" offset="240" sl="107" sc="22" el="107" ec="22" bec="0" bev="0" fileid="5" />
                <SequencePoint vc="9" uspid="3933" ordinal="0" offset="249" sl="108" sc="13" el="108" ec="13" bec="0" bev="0" fileid="5" />
                <SequencePoint vc="9" uspid="3934" ordinal="0" offset="250" sl="109" sc="17" el="109" ec="17" bec="0" bev="0" fileid="5" />
                <SequencePoint vc="9" uspid="3935" ordinal="0" offset="257" sl="110" sc="17" el="110" ec="17" bec="0" bev="0" fileid="5" />
                <SequencePoint vc="9" uspid="3936" ordinal="0" offset="267" sl="112" sc="17" el="112" ec="17" bec="0" bev="0" fileid="5" />
                <SequencePoint vc="9" uspid="3937" ordinal="0" offset="281" sl="113" sc="13" el="113" ec="13" bec="0" bev="0" fileid="5" />
                <SequencePoint vc="12" uspid="3938" ordinal="0" offset="282" sl="107" sc="33" el="107" ec="33" bec="0" bev="0" fileid="5" />
                <SequencePoint vc="3" uspid="3939" ordinal="0" offset="308" sl="115" sc="13" el="115" ec="13" bec="0" bev="0" fileid="5" />
                <SequencePoint vc="3" uspid="3940" ordinal="0" offset="332" sl="116" sc="18" el="116" ec="18" bec="0" bev="0" fileid="5" />
                <SequencePoint vc="60" uspid="3941" ordinal="0" offset="337" sl="117" sc="13" el="117" ec="13" bec="0" bev="0" fileid="5" />
                <SequencePoint vc="60" uspid="3942" ordinal="0" offset="338" sl="118" sc="22" el="118" ec="22" bec="0" bev="0" fileid="5" />
                <SequencePoint vc="1200" uspid="3943" ordinal="0" offset="343" sl="119" sc="17" el="119" ec="17" bec="0" bev="0" fileid="5" />
                <SequencePoint vc="1200" uspid="3944" ordinal="0" offset="344" sl="120" sc="21" el="120" ec="21" bec="0" bev="0" fileid="5" />
                <SequencePoint vc="1200" uspid="3945" ordinal="0" offset="351" sl="121" sc="21" el="121" ec="21" bec="0" bev="0" fileid="5" />
                <SequencePoint vc="1200" uspid="3946" ordinal="0" offset="374" sl="123" sc="21" el="123" ec="21" bec="0" bev="0" fileid="5" />
                <SequencePoint vc="1200" uspid="3947" ordinal="0" offset="395" sl="124" sc="17" el="124" ec="17" bec="0" bev="0" fileid="5" />
                <SequencePoint vc="1200" uspid="3948" ordinal="0" offset="396" sl="118" sc="47" el="118" ec="47" bec="0" bev="0" fileid="5" />
                <SequencePoint vc="1260" uspid="3949" ordinal="0" offset="402" sl="118" sc="33" el="118" ec="33" bec="0" bev="0" fileid="5" />
                <SequencePoint vc="60" uspid="3950" ordinal="0" offset="418" sl="125" sc="13" el="125" ec="13" bec="0" bev="0" fileid="5" />
                <SequencePoint vc="60" uspid="3951" ordinal="0" offset="419" sl="116" sc="43" el="116" ec="43" bec="0" bev="0" fileid="5" />
                <SequencePoint vc="63" uspid="3952" ordinal="0" offset="425" sl="116" sc="29" el="116" ec="29" bec="0" bev="0" fileid="5" />
                <SequencePoint vc="3" uspid="3953" ordinal="0" offset="441" sl="128" sc="13" el="128" ec="13" bec="0" bev="0" fileid="5" />
                <SequencePoint vc="3" uspid="3954" ordinal="0" offset="442" sl="128" sc="34" el="128" ec="34" bec="0" bev="0" fileid="5" />
                <SequencePoint vc="11" uspid="3955" ordinal="0" offset="457" sl="128" sc="22" el="128" ec="22" bec="0" bev="0" fileid="5" />
                <SequencePoint vc="11" uspid="3956" ordinal="0" offset="466" sl="129" sc="13" el="129" ec="13" bec="0" bev="0" fileid="5" />
                <SequencePoint vc="11" uspid="3957" ordinal="0" offset="467" sl="130" sc="17" el="130" ec="17" bec="0" bev="0" fileid="5" />
                <SequencePoint vc="1" uspid="3958" ordinal="0" offset="510" sl="131" sc="17" el="131" ec="17" bec="0" bev="0" fileid="5" />
                <SequencePoint vc="1" uspid="3959" ordinal="0" offset="511" sl="132" sc="21" el="132" ec="21" bec="0" bev="0" fileid="5" />
                <SequencePoint vc="1" uspid="3960" ordinal="0" offset="518" sl="133" sc="21" el="133" ec="21" bec="0" bev="0" fileid="5" />
                <SequencePoint vc="1" uspid="3961" ordinal="0" offset="533" sl="134" sc="21" el="134" ec="21" bec="0" bev="0" fileid="5" />
                <SequencePoint vc="1" uspid="3962" ordinal="0" offset="547" sl="135" sc="17" el="135" ec="17" bec="0" bev="0" fileid="5" />
                <SequencePoint vc="11" uspid="3963" ordinal="0" offset="548" sl="136" sc="13" el="136" ec="13" bec="0" bev="0" fileid="5" />
                <SequencePoint vc="14" uspid="3964" ordinal="0" offset="549" sl="128" sc="31" el="128" ec="31" bec="0" bev="0" fileid="5" />
                <SequencePoint vc="3" uspid="3965" ordinal="0" offset="575" sl="137" sc="13" el="137" ec="13" bec="0" bev="0" fileid="5" />
                <SequencePoint vc="3" uspid="3966" ordinal="0" offset="600" sl="138" sc="9" el="138" ec="9" bec="0" bev="0" fileid="5" />
              </SequencePoints>
              <BranchPoints />
            </Method>
          </Methods>
        </Class>
        <Class>
          <Summary numSequencePoints="4" visitedSequencePoints="4" numBranchPoints="0" visitedBranchPoints="0" sequenceCoverage="100.0" branchCoverage="0.0" maxCyclomaticComplexity="1" minCyclomaticComplexity="1" maxCrapScore="1" minCrapScore="1" visitedClasses="1" numClasses="1" visitedMethods="1" numMethods="1" />
          <FullName>Persistance.MapEntitySave</FullName>
          <Methods>
            <Method visited="true" cyclomaticComplexity="1" nPathComplexity="0" sequenceCoverage="100.0" branchCoverage="0" crapScore="1" isConstructor="false" isStatic="false" isGetter="false" isSetter="false">
              <Summary numSequencePoints="4" visitedSequencePoints="4" numBranchPoints="0" visitedBranchPoints="0" sequenceCoverage="100.0" branchCoverage="0" maxCyclomaticComplexity="1" minCyclomaticComplexity="1" maxCrapScore="1" minCrapScore="1" visitedClasses="0" numClasses="0" visitedMethods="1" numMethods="1" />
              <MetadataToken>100663307</MetadataToken>
              <Name>System.Void Persistance.MapEntitySave::Save(Bomberman.MapEntity)</Name>
              <FileRef uid="6" />
              <SequencePoints>
                <SequencePoint vc="1251" uspid="3967" ordinal="0" offset="0" sl="26" sc="9" el="26" ec="9" bec="0" bev="0" fileid="6" />
                <SequencePoint vc="1251" uspid="3968" ordinal="0" offset="1" sl="27" sc="13" el="27" ec="13" bec="0" bev="0" fileid="6" />
                <SequencePoint vc="1251" uspid="3969" ordinal="0" offset="13" sl="28" sc="13" el="28" ec="13" bec="0" bev="0" fileid="6" />
                <SequencePoint vc="1251" uspid="3970" ordinal="0" offset="25" sl="29" sc="9" el="29" ec="9" bec="0" bev="0" fileid="6" />
              </SequencePoints>
              <BranchPoints />
            </Method>
          </Methods>
        </Class>
        <Class>
          <Summary numSequencePoints="4" visitedSequencePoints="4" numBranchPoints="0" visitedBranchPoints="0" sequenceCoverage="100.0" branchCoverage="0.0" maxCyclomaticComplexity="1" minCyclomaticComplexity="1" maxCrapScore="1" minCrapScore="1" visitedClasses="1" numClasses="1" visitedMethods="1" numMethods="1" />
          <FullName>Persistance.MonsterSave</FullName>
          <Methods>
            <Method visited="true" cyclomaticComplexity="1" nPathComplexity="0" sequenceCoverage="100.0" branchCoverage="0" crapScore="1" isConstructor="false" isStatic="false" isGetter="false" isSetter="false">
              <Summary numSequencePoints="4" visitedSequencePoints="4" numBranchPoints="0" visitedBranchPoints="0" sequenceCoverage="100.0" branchCoverage="0" maxCyclomaticComplexity="1" minCyclomaticComplexity="1" maxCrapScore="1" minCrapScore="1" visitedClasses="0" numClasses="0" visitedMethods="1" numMethods="1" />
              <MetadataToken>100663309</MetadataToken>
              <Name>System.Void Persistance.MonsterSave::SaveMonster(Bomberman.Monster)</Name>
              <FileRef uid="7" />
              <SequencePoints>
                <SequencePoint vc="12" uspid="3971" ordinal="0" offset="0" sl="24" sc="9" el="24" ec="9" bec="0" bev="0" fileid="7" />
                <SequencePoint vc="12" uspid="3972" ordinal="0" offset="1" sl="26" sc="13" el="26" ec="13" bec="0" bev="0" fileid="7" />
                <SequencePoint vc="12" uspid="3973" ordinal="0" offset="13" sl="28" sc="13" el="28" ec="13" bec="0" bev="0" fileid="7" />
                <SequencePoint vc="12" uspid="3974" ordinal="0" offset="21" sl="29" sc="9" el="29" ec="9" bec="0" bev="0" fileid="7" />
              </SequencePoints>
              <BranchPoints />
            </Method>
          </Methods>
        </Class>
        <Class>
          <Summary numSequencePoints="8" visitedSequencePoints="8" numBranchPoints="0" visitedBranchPoints="0" sequenceCoverage="100.0" branchCoverage="0.0" maxCyclomaticComplexity="1" minCyclomaticComplexity="1" maxCrapScore="1" minCrapScore="1" visitedClasses="1" numClasses="1" visitedMethods="1" numMethods="1" />
          <FullName>Persistance.MovingEntitySave</FullName>
          <Methods>
            <Method visited="true" cyclomaticComplexity="1" nPathComplexity="0" sequenceCoverage="100.0" branchCoverage="0" crapScore="1" isConstructor="false" isStatic="false" isGetter="false" isSetter="false">
              <Summary numSequencePoints="8" visitedSequencePoints="8" numBranchPoints="0" visitedBranchPoints="0" sequenceCoverage="100.0" branchCoverage="0" maxCyclomaticComplexity="1" minCyclomaticComplexity="1" maxCrapScore="1" minCrapScore="1" visitedClasses="0" numClasses="0" visitedMethods="1" numMethods="1" />
              <MetadataToken>100663311</MetadataToken>
              <Name>System.Void Persistance.MovingEntitySave::SaveMovingEntity(Bomberman.MovingEntity)</Name>
              <FileRef uid="8" />
              <SequencePoints>
                <SequencePoint vc="21" uspid="3975" ordinal="0" offset="0" sl="44" sc="9" el="44" ec="9" bec="0" bev="0" fileid="8" />
                <SequencePoint vc="21" uspid="3976" ordinal="0" offset="1" sl="45" sc="13" el="45" ec="13" bec="0" bev="0" fileid="8" />
                <SequencePoint vc="21" uspid="3977" ordinal="0" offset="13" sl="46" sc="13" el="46" ec="13" bec="0" bev="0" fileid="8" />
                <SequencePoint vc="21" uspid="3978" ordinal="0" offset="25" sl="47" sc="13" el="47" ec="13" bec="0" bev="0" fileid="8" />
                <SequencePoint vc="21" uspid="3979" ordinal="0" offset="37" sl="48" sc="13" el="48" ec="13" bec="0" bev="0" fileid="8" />
                <SequencePoint vc="21" uspid="3980" ordinal="0" offset="49" sl="49" sc="13" el="49" ec="13" bec="0" bev="0" fileid="8" />
                <SequencePoint vc="21" uspid="3981" ordinal="0" offset="61" sl="51" sc="13" el="51" ec="13" bec="0" bev="0" fileid="8" />
                <SequencePoint vc="21" uspid="3982" ordinal="0" offset="69" sl="52" sc="9" el="52" ec="9" bec="0" bev="0" fileid="8" />
              </SequencePoints>
              <BranchPoints />
            </Method>
          </Methods>
        </Class>
        <Class>
          <Summary numSequencePoints="12" visitedSequencePoints="9" numBranchPoints="0" visitedBranchPoints="0" sequenceCoverage="75.00" branchCoverage="0.0" maxCyclomaticComplexity="2" minCyclomaticComplexity="1" maxCrapScore="2.08" minCrapScore="1" visitedClasses="1" numClasses="1" visitedMethods="2" numMethods="2" />
          <FullName>Persistance.ObstacleSave</FullName>
          <Methods>
            <Method visited="true" cyclomaticComplexity="2" nPathComplexity="0" sequenceCoverage="72.73" branchCoverage="0" crapScore="2.08" isConstructor="false" isStatic="false" isGetter="false" isSetter="false">
              <Summary numSequencePoints="11" visitedSequencePoints="8" numBranchPoints="0" visitedBranchPoints="0" sequenceCoverage="72.73" branchCoverage="0" maxCyclomaticComplexity="2" minCyclomaticComplexity="2" maxCrapScore="2.08" minCrapScore="2.08" visitedClasses="0" numClasses="0" visitedMethods="1" numMethods="1" />
              <MetadataToken>100663313</MetadataToken>
              <Name>System.Void Persistance.ObstacleSave::SaveObstacle(Bomberman.Obstacle)</Name>
              <FileRef uid="9" />
              <SequencePoints>
                <SequencePoint vc="1200" uspid="3983" ordinal="0" offset="0" sl="41" sc="9" el="41" ec="9" bec="0" bev="0" fileid="9" />
                <SequencePoint vc="1200" uspid="3984" ordinal="0" offset="1" sl="42" sc="13" el="42" ec="13" bec="0" bev="0" fileid="9" />
                <SequencePoint vc="1200" uspid="3985" ordinal="0" offset="13" sl="43" sc="13" el="43" ec="13" bec="0" bev="0" fileid="9" />
                <SequencePoint vc="1200" uspid="3986" ordinal="0" offset="25" sl="45" sc="13" el="45" ec="13" bec="0" bev="0" fileid="9" />
                <SequencePoint vc="0" uspid="3987" ordinal="0" offset="41" sl="46" sc="13" el="46" ec="13" bec="0" bev="0" fileid="9" />
                <SequencePoint vc="0" uspid="3988" ordinal="0" offset="42" sl="47" sc="17" el="47" ec="17" bec="0" bev="0" fileid="9" />
                <SequencePoint vc="0" uspid="3989" ordinal="0" offset="64" sl="48" sc="13" el="48" ec="13" bec="0" bev="0" fileid="9" />
                <SequencePoint vc="1200" uspid="3990" ordinal="0" offset="65" sl="49" sc="13" el="49" ec="13" bec="0" bev="0" fileid="9" />
                <SequencePoint vc="1200" uspid="3991" ordinal="0" offset="77" sl="50" sc="13" el="50" ec="13" bec="0" bev="0" fileid="9" />
                <SequencePoint vc="1200" uspid="3992" ordinal="0" offset="89" sl="52" sc="13" el="52" ec="13" bec="0" bev="0" fileid="9" />
                <SequencePoint vc="1200" uspid="3993" ordinal="0" offset="97" sl="53" sc="9" el="53" ec="9" bec="0" bev="0" fileid="9" />
              </SequencePoints>
              <BranchPoints />
            </Method>
            <Method visited="true" cyclomaticComplexity="1" nPathComplexity="0" sequenceCoverage="100.0" branchCoverage="0" crapScore="1" isConstructor="true" isStatic="false" isGetter="false" isSetter="false">
              <Summary numSequencePoints="1" visitedSequencePoints="1" numBranchPoints="0" visitedBranchPoints="0" sequenceCoverage="100.0" branchCoverage="0" maxCyclomaticComplexity="1" minCyclomaticComplexity="1" maxCrapScore="1" minCrapScore="1" visitedClasses="0" numClasses="0" visitedMethods="1" numMethods="1" />
              <MetadataToken>100663314</MetadataToken>
              <Name>Persistance.ObstacleSave::ObstacleSave()</Name>
              <FileRef uid="9" />
              <SequencePoints>
                <SequencePoint vc="2400" uspid="3994" ordinal="0" offset="0" sl="24" sc="9" el="24" ec="9" bec="0" bev="0" fileid="9" />
              </SequencePoints>
              <BranchPoints />
            </Method>
          </Methods>
        </Class>
        <Class>
          <Summary numSequencePoints="34" visitedSequencePoints="34" numBranchPoints="0" visitedBranchPoints="0" sequenceCoverage="100.0" branchCoverage="0.0" maxCyclomaticComplexity="3" minCyclomaticComplexity="1" maxCrapScore="3" minCrapScore="1" visitedClasses="1" numClasses="1" visitedMethods="4" numMethods="4" />
          <FullName>Persistance.PlayerSave</FullName>
          <Methods>
            <Method visited="true" cyclomaticComplexity="1" nPathComplexity="0" sequenceCoverage="100.0" branchCoverage="0" crapScore="1" isConstructor="false" isStatic="false" isGetter="true" isSetter="false">
              <Summary numSequencePoints="1" visitedSequencePoints="1" numBranchPoints="0" visitedBranchPoints="0" sequenceCoverage="100.0" branchCoverage="0" maxCyclomaticComplexity="1" minCyclomaticComplexity="1" maxCrapScore="1" minCrapScore="1" visitedClasses="0" numClasses="0" visitedMethods="1" numMethods="1" />
              <MetadataToken>100663315</MetadataToken>
              <Name>System.String Persistance.PlayerSave::get_SkinName()</Name>
              <FileRef uid="10" />
              <SequencePoints>
                <SequencePoint vc="18" uspid="3995" ordinal="0" offset="0" sl="52" sc="34" el="52" ec="34" bec="0" bev="0" fileid="10" />
              </SequencePoints>
              <BranchPoints />
            </Method>
            <Method visited="true" cyclomaticComplexity="1" nPathComplexity="0" sequenceCoverage="100.0" branchCoverage="0" crapScore="1" isConstructor="false" isStatic="false" isGetter="false" isSetter="true">
              <Summary numSequencePoints="1" visitedSequencePoints="1" numBranchPoints="0" visitedBranchPoints="0" sequenceCoverage="100.0" branchCoverage="0" maxCyclomaticComplexity="1" minCyclomaticComplexity="1" maxCrapScore="1" minCrapScore="1" visitedClasses="0" numClasses="0" visitedMethods="1" numMethods="1" />
              <MetadataToken>100663316</MetadataToken>
              <Name>System.Void Persistance.PlayerSave::set_SkinName(System.String)</Name>
              <FileRef uid="10" />
              <SequencePoints>
                <SequencePoint vc="9" uspid="3996" ordinal="0" offset="0" sl="52" sc="39" el="52" ec="39" bec="0" bev="0" fileid="10" />
              </SequencePoints>
              <BranchPoints />
            </Method>
            <Method visited="true" cyclomaticComplexity="3" nPathComplexity="0" sequenceCoverage="100.0" branchCoverage="0" crapScore="3" isConstructor="false" isStatic="false" isGetter="false" isSetter="false">
              <Summary numSequencePoints="28" visitedSequencePoints="28" numBranchPoints="0" visitedBranchPoints="0" sequenceCoverage="100.0" branchCoverage="0" maxCyclomaticComplexity="3" minCyclomaticComplexity="3" maxCrapScore="3" minCrapScore="3" visitedClasses="0" numClasses="0" visitedMethods="1" numMethods="1" />
              <MetadataToken>100663317</MetadataToken>
              <Name>System.Void Persistance.PlayerSave::SavePlayer(Bomberman.Player)</Name>
              <FileRef uid="10" />
              <SequencePoints>
                <SequencePoint vc="9" uspid="3997" ordinal="0" offset="0" sl="59" sc="9" el="59" ec="9" bec="0" bev="0" fileid="10" />
                <SequencePoint vc="9" uspid="3998" ordinal="0" offset="1" sl="60" sc="13" el="60" ec="13" bec="0" bev="0" fileid="10" />
                <SequencePoint vc="9" uspid="3999" ordinal="0" offset="13" sl="61" sc="13" el="61" ec="13" bec="0" bev="0" fileid="10" />
                <SequencePoint vc="9" uspid="4000" ordinal="0" offset="25" sl="62" sc="13" el="62" ec="13" bec="0" bev="0" fileid="10" />
                <SequencePoint vc="9" uspid="4001" ordinal="0" offset="37" sl="63" sc="13" el="63" ec="13" bec="0" bev="0" fileid="10" />
                <SequencePoint vc="9" uspid="4002" ordinal="0" offset="49" sl="64" sc="13" el="64" ec="13" bec="0" bev="0" fileid="10" />
                <SequencePoint vc="9" uspid="4003" ordinal="0" offset="61" sl="65" sc="13" el="65" ec="13" bec="0" bev="0" fileid="10" />
                <SequencePoint vc="9" uspid="4004" ordinal="0" offset="73" sl="66" sc="13" el="66" ec="13" bec="0" bev="0" fileid="10" />
                <SequencePoint vc="9" uspid="4005" ordinal="0" offset="92" sl="69" sc="13" el="69" ec="13" bec="0" bev="0" fileid="10" />
                <SequencePoint vc="9" uspid="4006" ordinal="0" offset="93" sl="69" sc="34" el="69" ec="34" bec="0" bev="0" fileid="10" />
                <SequencePoint vc="11" uspid="4007" ordinal="0" offset="107" sl="69" sc="22" el="69" ec="22" bec="0" bev="0" fileid="10" />
                <SequencePoint vc="11" uspid="4008" ordinal="0" offset="115" sl="70" sc="13" el="70" ec="13" bec="0" bev="0" fileid="10" />
                <SequencePoint vc="11" uspid="4009" ordinal="0" offset="116" sl="71" sc="17" el="71" ec="17" bec="0" bev="0" fileid="10" />
                <SequencePoint vc="11" uspid="4010" ordinal="0" offset="122" sl="72" sc="17" el="72" ec="17" bec="0" bev="0" fileid="10" />
                <SequencePoint vc="11" uspid="4011" ordinal="0" offset="130" sl="73" sc="17" el="73" ec="17" bec="0" bev="0" fileid="10" />
                <SequencePoint vc="11" uspid="4012" ordinal="0" offset="143" sl="74" sc="13" el="74" ec="13" bec="0" bev="0" fileid="10" />
                <SequencePoint vc="20" uspid="4013" ordinal="0" offset="144" sl="69" sc="31" el="69" ec="31" bec="0" bev="0" fileid="10" />
                <SequencePoint vc="9" uspid="4014" ordinal="0" offset="170" sl="77" sc="13" el="77" ec="13" bec="0" bev="0" fileid="10" />
                <SequencePoint vc="9" uspid="4015" ordinal="0" offset="171" sl="77" sc="34" el="77" ec="34" bec="0" bev="0" fileid="10" />
                <SequencePoint vc="18" uspid="4016" ordinal="0" offset="185" sl="77" sc="22" el="77" ec="22" bec="0" bev="0" fileid="10" />
                <SequencePoint vc="18" uspid="4017" ordinal="0" offset="194" sl="78" sc="13" el="78" ec="13" bec="0" bev="0" fileid="10" />
                <SequencePoint vc="18" uspid="4018" ordinal="0" offset="195" sl="79" sc="17" el="79" ec="17" bec="0" bev="0" fileid="10" />
                <SequencePoint vc="18" uspid="4019" ordinal="0" offset="202" sl="80" sc="17" el="80" ec="17" bec="0" bev="0" fileid="10" />
                <SequencePoint vc="18" uspid="4020" ordinal="0" offset="217" sl="81" sc="17" el="81" ec="17" bec="0" bev="0" fileid="10" />
                <SequencePoint vc="18" uspid="4021" ordinal="0" offset="231" sl="82" sc="13" el="82" ec="13" bec="0" bev="0" fileid="10" />
                <SequencePoint vc="27" uspid="4022" ordinal="0" offset="232" sl="77" sc="31" el="77" ec="31" bec="0" bev="0" fileid="10" />
                <SequencePoint vc="9" uspid="4023" ordinal="0" offset="258" sl="84" sc="13" el="84" ec="13" bec="0" bev="0" fileid="10" />
                <SequencePoint vc="9" uspid="4024" ordinal="0" offset="266" sl="85" sc="9" el="85" ec="9" bec="0" bev="0" fileid="10" />
              </SequencePoints>
              <BranchPoints />
            </Method>
            <Method visited="true" cyclomaticComplexity="1" nPathComplexity="0" sequenceCoverage="100.0" branchCoverage="0" crapScore="1" isConstructor="true" isStatic="false" isGetter="false" isSetter="false">
              <Summary numSequencePoints="4" visitedSequencePoints="4" numBranchPoints="0" visitedBranchPoints="0" sequenceCoverage="100.0" branchCoverage="0" maxCyclomaticComplexity="1" minCyclomaticComplexity="1" maxCrapScore="1" minCrapScore="1" visitedClasses="0" numClasses="0" visitedMethods="1" numMethods="1" />
              <MetadataToken>100663318</MetadataToken>
              <Name>Persistance.PlayerSave::PlayerSave()</Name>
              <FileRef uid="10" />
              <SequencePoints>
                <SequencePoint vc="18" uspid="4025" ordinal="0" offset="0" sl="23" sc="9" el="23" ec="9" bec="0" bev="0" fileid="10" />
                <SequencePoint vc="18" uspid="4026" ordinal="0" offset="11" sl="28" sc="9" el="28" ec="9" bec="0" bev="0" fileid="10" />
                <SequencePoint vc="18" uspid="4027" ordinal="0" offset="22" sl="33" sc="9" el="33" ec="9" bec="0" bev="0" fileid="10" />
                <SequencePoint vc="18" uspid="4028" ordinal="0" offset="29" sl="38" sc="9" el="38" ec="9" bec="0" bev="0" fileid="10" />
              </SequencePoints>
              <BranchPoints />
            </Method>
          </Methods>
        </Class>
        <Class>
          <Summary numSequencePoints="102" visitedSequencePoints="100" numBranchPoints="0" visitedBranchPoints="0" sequenceCoverage="98.04" branchCoverage="0.0" maxCyclomaticComplexity="24" minCyclomaticComplexity="1" maxCrapScore="24.02" minCrapScore="1" visitedClasses="1" numClasses="1" visitedMethods="4" numMethods="4" />
          <FullName>PathFinding.BFS</FullName>
          <Methods>
            <Method visited="true" cyclomaticComplexity="4" nPathComplexity="0" sequenceCoverage="100.0" branchCoverage="0" crapScore="4" isConstructor="false" isStatic="false" isGetter="false" isSetter="false">
              <Summary numSequencePoints="15" visitedSequencePoints="15" numBranchPoints="0" visitedBranchPoints="0" sequenceCoverage="100.0" branchCoverage="0" maxCyclomaticComplexity="4" minCyclomaticComplexity="4" maxCrapScore="4" minCrapScore="4" visitedClasses="0" numClasses="0" visitedMethods="1" numMethods="1" />
              <MetadataToken>100663319</MetadataToken>
              <Name>System.Void PathFinding.BFS::CreateSearchGrid()</Name>
              <FileRef uid="11" />
              <SequencePoints>
                <SequencePoint vc="58" uspid="4029" ordinal="0" offset="0" sl="20" sc="9" el="20" ec="9" bec="0" bev="0" fileid="11" />
                <SequencePoint vc="58" uspid="4030" ordinal="0" offset="1" sl="21" sc="13" el="21" ec="13" bec="0" bev="0" fileid="11" />
                <SequencePoint vc="58" uspid="4031" ordinal="0" offset="36" sl="22" sc="18" el="22" ec="18" bec="0" bev="0" fileid="11" />
                <SequencePoint vc="1160" uspid="4032" ordinal="0" offset="40" sl="23" sc="13" el="23" ec="13" bec="0" bev="0" fileid="11" />
                <SequencePoint vc="1160" uspid="4033" ordinal="0" offset="41" sl="24" sc="22" el="24" ec="22" bec="0" bev="0" fileid="11" />
                <SequencePoint vc="23200" uspid="4034" ordinal="0" offset="45" sl="25" sc="17" el="25" ec="17" bec="0" bev="0" fileid="11" />
                <SequencePoint vc="23200" uspid="4035" ordinal="0" offset="46" sl="26" sc="21" el="26" ec="21" bec="0" bev="0" fileid="11" />
                <SequencePoint vc="15515" uspid="4036" ordinal="0" offset="71" sl="27" sc="25" el="27" ec="25" bec="0" bev="0" fileid="11" />
                <SequencePoint vc="23200" uspid="4037" ordinal="0" offset="91" sl="28" sc="17" el="28" ec="17" bec="0" bev="0" fileid="11" />
                <SequencePoint vc="23200" uspid="4038" ordinal="0" offset="92" sl="24" sc="57" el="24" ec="57" bec="0" bev="0" fileid="11" />
                <SequencePoint vc="24360" uspid="4039" ordinal="0" offset="96" sl="24" sc="33" el="24" ec="33" bec="0" bev="0" fileid="11" />
                <SequencePoint vc="1160" uspid="4040" ordinal="0" offset="115" sl="29" sc="13" el="29" ec="13" bec="0" bev="0" fileid="11" />
                <SequencePoint vc="1160" uspid="4041" ordinal="0" offset="116" sl="22" sc="53" el="22" ec="53" bec="0" bev="0" fileid="11" />
                <SequencePoint vc="1218" uspid="4042" ordinal="0" offset="120" sl="22" sc="29" el="22" ec="29" bec="0" bev="0" fileid="11" />
                <SequencePoint vc="58" uspid="4043" ordinal="0" offset="141" sl="30" sc="9" el="30" ec="9" bec="0" bev="0" fileid="11" />
              </SequencePoints>
              <BranchPoints />
            </Method>
            <Method visited="true" cyclomaticComplexity="4" nPathComplexity="0" sequenceCoverage="100.0" branchCoverage="0" crapScore="4" isConstructor="false" isStatic="false" isGetter="false" isSetter="false">
              <Summary numSequencePoints="16" visitedSequencePoints="16" numBranchPoints="0" visitedBranchPoints="0" sequenceCoverage="100.0" branchCoverage="0" maxCyclomaticComplexity="4" minCyclomaticComplexity="4" maxCrapScore="4" minCrapScore="4" visitedClasses="0" numClasses="0" visitedMethods="1" numMethods="1" />
              <MetadataToken>100663321</MetadataToken>
              <Name>System.Void PathFinding.BFS::ResetGrid()</Name>
              <FileRef uid="11" />
              <SequencePoints>
                <SequencePoint vc="306" uspid="4044" ordinal="0" offset="0" sl="46" sc="9" el="46" ec="9" bec="0" bev="0" fileid="11" />
                <SequencePoint vc="306" uspid="4045" ordinal="0" offset="1" sl="47" sc="18" el="47" ec="18" bec="0" bev="0" fileid="11" />
                <SequencePoint vc="6120" uspid="4046" ordinal="0" offset="5" sl="48" sc="13" el="48" ec="13" bec="0" bev="0" fileid="11" />
                <SequencePoint vc="6120" uspid="4047" ordinal="0" offset="6" sl="49" sc="22" el="49" ec="22" bec="0" bev="0" fileid="11" />
                <SequencePoint vc="122400" uspid="4048" ordinal="0" offset="10" sl="50" sc="17" el="50" ec="17" bec="0" bev="0" fileid="11" />
                <SequencePoint vc="122400" uspid="4049" ordinal="0" offset="11" sl="51" sc="21" el="51" ec="21" bec="0" bev="0" fileid="11" />
                <SequencePoint vc="69490" uspid="4050" ordinal="0" offset="34" sl="52" sc="21" el="52" ec="21" bec="0" bev="0" fileid="11" />
                <SequencePoint vc="69490" uspid="4051" ordinal="0" offset="35" sl="53" sc="25" el="53" ec="25" bec="0" bev="0" fileid="11" />
                <SequencePoint vc="69490" uspid="4052" ordinal="0" offset="54" sl="54" sc="21" el="54" ec="21" bec="0" bev="0" fileid="11" />
                <SequencePoint vc="122400" uspid="4053" ordinal="0" offset="55" sl="55" sc="17" el="55" ec="17" bec="0" bev="0" fileid="11" />
                <SequencePoint vc="122400" uspid="4054" ordinal="0" offset="56" sl="49" sc="62" el="49" ec="62" bec="0" bev="0" fileid="11" />
                <SequencePoint vc="128520" uspid="4055" ordinal="0" offset="60" sl="49" sc="33" el="49" ec="33" bec="0" bev="0" fileid="11" />
                <SequencePoint vc="6120" uspid="4056" ordinal="0" offset="79" sl="56" sc="13" el="56" ec="13" bec="0" bev="0" fileid="11" />
                <SequencePoint vc="6120" uspid="4057" ordinal="0" offset="80" sl="47" sc="58" el="47" ec="58" bec="0" bev="0" fileid="11" />
                <SequencePoint vc="6426" uspid="4058" ordinal="0" offset="84" sl="47" sc="29" el="47" ec="29" bec="0" bev="0" fileid="11" />
                <SequencePoint vc="306" uspid="4059" ordinal="0" offset="105" sl="57" sc="9" el="57" ec="9" bec="0" bev="0" fileid="11" />
              </SequencePoints>
              <BranchPoints />
            </Method>
            <Method visited="true" cyclomaticComplexity="24" nPathComplexity="0" sequenceCoverage="96.97" branchCoverage="0" crapScore="24.02" isConstructor="false" isStatic="false" isGetter="false" isSetter="false">
              <Summary numSequencePoints="66" visitedSequencePoints="64" numBranchPoints="0" visitedBranchPoints="0" sequenceCoverage="96.97" branchCoverage="0" maxCyclomaticComplexity="24" minCyclomaticComplexity="24" maxCrapScore="24.02" minCrapScore="24.02" visitedClasses="0" numClasses="0" visitedMethods="1" numMethods="1" />
              <MetadataToken>100663322</MetadataToken>
              <Name>System.Collections.Generic.Stack[BFSCell] PathFinding.BFS::GetPathToSearched(DataTypes.Position, System.Collections.Generic.IEnumerable[Position])</Name>
              <FileRef uid="11" />
              <SequencePoints>
                <SequencePoint vc="306" uspid="4060" ordinal="0" offset="0" sl="66" sc="9" el="66" ec="9" bec="0" bev="0" fileid="11" />
                <SequencePoint vc="306" uspid="4061" ordinal="0" offset="1" sl="68" sc="13" el="68" ec="13" bec="0" bev="0" fileid="11" />
                <SequencePoint vc="0" uspid="4062" ordinal="0" offset="31" sl="69" sc="13" el="69" ec="13" bec="0" bev="0" fileid="11" />
                <SequencePoint vc="0" uspid="4063" ordinal="0" offset="32" sl="70" sc="17" el="70" ec="17" bec="0" bev="0" fileid="11" />
                <SequencePoint vc="306" uspid="4064" ordinal="0" offset="39" sl="74" sc="13" el="74" ec="13" bec="0" bev="0" fileid="11" />
                <SequencePoint vc="306" uspid="4065" ordinal="0" offset="46" sl="76" sc="13" el="76" ec="13" bec="0" bev="0" fileid="11" />
                <SequencePoint vc="306" uspid="4066" ordinal="0" offset="52" sl="77" sc="13" el="77" ec="13" bec="0" bev="0" fileid="11" />
                <SequencePoint vc="306" uspid="4067" ordinal="0" offset="83" sl="78" sc="13" el="78" ec="13" bec="0" bev="0" fileid="11" />
                <SequencePoint vc="4102" uspid="4068" ordinal="0" offset="118" sl="82" sc="13" el="82" ec="13" bec="0" bev="0" fileid="11" />
                <SequencePoint vc="4102" uspid="4069" ordinal="0" offset="119" sl="83" sc="17" el="83" ec="17" bec="0" bev="0" fileid="11" />
                <SequencePoint vc="4102" uspid="4070" ordinal="0" offset="126" sl="85" sc="17" el="85" ec="17" bec="0" bev="0" fileid="11" />
                <SequencePoint vc="4102" uspid="4071" ordinal="0" offset="127" sl="85" sc="40" el="85" ec="40" bec="0" bev="0" fileid="11" />
                <SequencePoint vc="8355" uspid="4072" ordinal="0" offset="140" sl="85" sc="26" el="85" ec="26" bec="0" bev="0" fileid="11" />
                <SequencePoint vc="8355" uspid="4073" ordinal="0" offset="149" sl="86" sc="17" el="86" ec="17" bec="0" bev="0" fileid="11" />
                <SequencePoint vc="8355" uspid="4074" ordinal="0" offset="150" sl="87" sc="21" el="87" ec="21" bec="0" bev="0" fileid="11" />
                <SequencePoint vc="88" uspid="4075" ordinal="0" offset="189" sl="88" sc="21" el="88" ec="21" bec="0" bev="0" fileid="11" />
                <SequencePoint vc="88" uspid="4076" ordinal="0" offset="190" sl="89" sc="25" el="89" ec="25" bec="0" bev="0" fileid="11" />
                <SequencePoint vc="531" uspid="4077" ordinal="0" offset="199" sl="92" sc="25" el="92" ec="25" bec="0" bev="0" fileid="11" />
                <SequencePoint vc="531" uspid="4078" ordinal="0" offset="200" sl="93" sc="29" el="93" ec="29" bec="0" bev="0" fileid="11" />
                <SequencePoint vc="531" uspid="4079" ordinal="0" offset="209" sl="94" sc="29" el="94" ec="29" bec="0" bev="0" fileid="11" />
                <SequencePoint vc="531" uspid="4080" ordinal="0" offset="216" sl="95" sc="25" el="95" ec="25" bec="0" bev="0" fileid="11" />
                <SequencePoint vc="619" uspid="4081" ordinal="0" offset="217" sl="91" sc="25" el="91" ec="25" bec="0" bev="0" fileid="11" />
                <SequencePoint vc="88" uspid="4082" ordinal="0" offset="235" sl="97" sc="25" el="97" ec="25" bec="0" bev="0" fileid="11" />
                <SequencePoint vc="8267" uspid="4083" ordinal="0" offset="243" sl="100" sc="21" el="100" ec="21" bec="0" bev="0" fileid="11" />
                <SequencePoint vc="8267" uspid="4084" ordinal="0" offset="246" sl="101" sc="21" el="101" ec="21" bec="0" bev="0" fileid="11" />
                <SequencePoint vc="8267" uspid="4085" ordinal="0" offset="261" sl="102" sc="21" el="102" ec="21" bec="0" bev="0" fileid="11" />
                <SequencePoint vc="8267" uspid="4086" ordinal="0" offset="262" sl="103" sc="25" el="103" ec="25" bec="0" bev="0" fileid="11" />
                <SequencePoint vc="8267" uspid="4087" ordinal="0" offset="289" sl="104" sc="25" el="104" ec="25" bec="0" bev="0" fileid="11" />
                <SequencePoint vc="675" uspid="4088" ordinal="0" offset="344" sl="105" sc="25" el="105" ec="25" bec="0" bev="0" fileid="11" />
                <SequencePoint vc="675" uspid="4089" ordinal="0" offset="345" sl="106" sc="29" el="106" ec="29" bec="0" bev="0" fileid="11" />
                <SequencePoint vc="675" uspid="4090" ordinal="0" offset="362" sl="107" sc="29" el="107" ec="29" bec="0" bev="0" fileid="11" />
                <SequencePoint vc="675" uspid="4091" ordinal="0" offset="371" sl="108" sc="25" el="108" ec="25" bec="0" bev="0" fileid="11" />
                <SequencePoint vc="8267" uspid="4092" ordinal="0" offset="372" sl="109" sc="21" el="109" ec="21" bec="0" bev="0" fileid="11" />
                <SequencePoint vc="8267" uspid="4093" ordinal="0" offset="373" sl="110" sc="21" el="110" ec="21" bec="0" bev="0" fileid="11" />
                <SequencePoint vc="8267" uspid="4094" ordinal="0" offset="388" sl="111" sc="21" el="111" ec="21" bec="0" bev="0" fileid="11" />
                <SequencePoint vc="8267" uspid="4095" ordinal="0" offset="389" sl="112" sc="25" el="112" ec="25" bec="0" bev="0" fileid="11" />
                <SequencePoint vc="8267" uspid="4096" ordinal="0" offset="416" sl="113" sc="25" el="113" ec="25" bec="0" bev="0" fileid="11" />
                <SequencePoint vc="1176" uspid="4097" ordinal="0" offset="471" sl="114" sc="25" el="114" ec="25" bec="0" bev="0" fileid="11" />
                <SequencePoint vc="1176" uspid="4098" ordinal="0" offset="472" sl="115" sc="29" el="115" ec="29" bec="0" bev="0" fileid="11" />
                <SequencePoint vc="1176" uspid="4099" ordinal="0" offset="489" sl="116" sc="29" el="116" ec="29" bec="0" bev="0" fileid="11" />
                <SequencePoint vc="1176" uspid="4100" ordinal="0" offset="498" sl="117" sc="25" el="117" ec="25" bec="0" bev="0" fileid="11" />
                <SequencePoint vc="8267" uspid="4101" ordinal="0" offset="499" sl="118" sc="21" el="118" ec="21" bec="0" bev="0" fileid="11" />
                <SequencePoint vc="8267" uspid="4102" ordinal="0" offset="500" sl="119" sc="21" el="119" ec="21" bec="0" bev="0" fileid="11" />
                <SequencePoint vc="8267" uspid="4103" ordinal="0" offset="528" sl="120" sc="21" el="120" ec="21" bec="0" bev="0" fileid="11" />
                <SequencePoint vc="8267" uspid="4104" ordinal="0" offset="529" sl="121" sc="25" el="121" ec="25" bec="0" bev="0" fileid="11" />
                <SequencePoint vc="8267" uspid="4105" ordinal="0" offset="556" sl="122" sc="25" el="122" ec="25" bec="0" bev="0" fileid="11" />
                <SequencePoint vc="819" uspid="4106" ordinal="0" offset="611" sl="123" sc="25" el="123" ec="25" bec="0" bev="0" fileid="11" />
                <SequencePoint vc="819" uspid="4107" ordinal="0" offset="612" sl="124" sc="29" el="124" ec="29" bec="0" bev="0" fileid="11" />
                <SequencePoint vc="819" uspid="4108" ordinal="0" offset="629" sl="125" sc="29" el="125" ec="29" bec="0" bev="0" fileid="11" />
                <SequencePoint vc="819" uspid="4109" ordinal="0" offset="638" sl="126" sc="25" el="126" ec="25" bec="0" bev="0" fileid="11" />
                <SequencePoint vc="8267" uspid="4110" ordinal="0" offset="639" sl="127" sc="21" el="127" ec="21" bec="0" bev="0" fileid="11" />
                <SequencePoint vc="8267" uspid="4111" ordinal="0" offset="640" sl="128" sc="21" el="128" ec="21" bec="0" bev="0" fileid="11" />
                <SequencePoint vc="8267" uspid="4112" ordinal="0" offset="668" sl="129" sc="21" el="129" ec="21" bec="0" bev="0" fileid="11" />
                <SequencePoint vc="8267" uspid="4113" ordinal="0" offset="669" sl="130" sc="25" el="130" ec="25" bec="0" bev="0" fileid="11" />
                <SequencePoint vc="8267" uspid="4114" ordinal="0" offset="696" sl="131" sc="25" el="131" ec="25" bec="0" bev="0" fileid="11" />
                <SequencePoint vc="1779" uspid="4115" ordinal="0" offset="751" sl="132" sc="25" el="132" ec="25" bec="0" bev="0" fileid="11" />
                <SequencePoint vc="1779" uspid="4116" ordinal="0" offset="752" sl="133" sc="29" el="133" ec="29" bec="0" bev="0" fileid="11" />
                <SequencePoint vc="1779" uspid="4117" ordinal="0" offset="769" sl="134" sc="29" el="134" ec="29" bec="0" bev="0" fileid="11" />
                <SequencePoint vc="1779" uspid="4118" ordinal="0" offset="778" sl="135" sc="25" el="135" ec="25" bec="0" bev="0" fileid="11" />
                <SequencePoint vc="8267" uspid="4119" ordinal="0" offset="779" sl="136" sc="21" el="136" ec="21" bec="0" bev="0" fileid="11" />
                <SequencePoint vc="8267" uspid="4120" ordinal="0" offset="780" sl="137" sc="17" el="137" ec="17" bec="0" bev="0" fileid="11" />
                <SequencePoint vc="12369" uspid="4121" ordinal="0" offset="781" sl="85" sc="37" el="85" ec="37" bec="0" bev="0" fileid="11" />
                <SequencePoint vc="4014" uspid="4122" ordinal="0" offset="808" sl="138" sc="13" el="138" ec="13" bec="0" bev="0" fileid="11" />
                <SequencePoint vc="4320" uspid="4123" ordinal="0" offset="809" sl="81" sc="13" el="81" ec="13" bec="0" bev="0" fileid="11" />
                <SequencePoint vc="218" uspid="4124" ordinal="0" offset="827" sl="140" sc="13" el="140" ec="13" bec="0" bev="0" fileid="11" />
                <SequencePoint vc="306" uspid="4125" ordinal="0" offset="831" sl="141" sc="9" el="141" ec="9" bec="0" bev="0" fileid="11" />
              </SequencePoints>
              <BranchPoints />
            </Method>
            <Method visited="true" cyclomaticComplexity="1" nPathComplexity="0" sequenceCoverage="100.0" branchCoverage="0" crapScore="1" isConstructor="true" isStatic="false" isGetter="false" isSetter="false">
              <Summary numSequencePoints="5" visitedSequencePoints="5" numBranchPoints="0" visitedBranchPoints="0" sequenceCoverage="100.0" branchCoverage="0" maxCyclomaticComplexity="1" minCyclomaticComplexity="1" maxCrapScore="1" minCrapScore="1" visitedClasses="0" numClasses="0" visitedMethods="1" numMethods="1" />
              <MetadataToken>100663320</MetadataToken>
              <Name>PathFinding.BFS::BFS(Bomberman.Obstacle[,])</Name>
              <FileRef uid="11" />
              <SequencePoints>
                <SequencePoint vc="58" uspid="4126" ordinal="0" offset="0" sl="36" sc="9" el="36" ec="9" bec="0" bev="0" fileid="11" />
                <SequencePoint vc="58" uspid="4127" ordinal="0" offset="7" sl="37" sc="9" el="37" ec="9" bec="0" bev="0" fileid="11" />
                <SequencePoint vc="58" uspid="4128" ordinal="0" offset="8" sl="38" sc="13" el="38" ec="13" bec="0" bev="0" fileid="11" />
                <SequencePoint vc="58" uspid="4129" ordinal="0" offset="15" sl="39" sc="13" el="39" ec="13" bec="0" bev="0" fileid="11" />
                <SequencePoint vc="58" uspid="4130" ordinal="0" offset="22" sl="40" sc="9" el="40" ec="9" bec="0" bev="0" fileid="11" />
              </SequencePoints>
              <BranchPoints />
            </Method>
          </Methods>
        </Class>
        <Class>
          <Summary numSequencePoints="26" visitedSequencePoints="24" numBranchPoints="0" visitedBranchPoints="0" sequenceCoverage="92.31" branchCoverage="0.0" maxCyclomaticComplexity="2" minCyclomaticComplexity="1" maxCrapScore="2.09" minCrapScore="1" visitedClasses="1" numClasses="1" visitedMethods="11" numMethods="11" />
          <FullName>PathFinding.BFSCell</FullName>
          <Methods>
            <Method visited="true" cyclomaticComplexity="1" nPathComplexity="0" sequenceCoverage="100.0" branchCoverage="0" crapScore="1" isConstructor="false" isStatic="false" isGetter="true" isSetter="false">
              <Summary numSequencePoints="1" visitedSequencePoints="1" numBranchPoints="0" visitedBranchPoints="0" sequenceCoverage="100.0" branchCoverage="0" maxCyclomaticComplexity="1" minCyclomaticComplexity="1" maxCrapScore="1" minCrapScore="1" visitedClasses="0" numClasses="0" visitedMethods="1" numMethods="1" />
              <MetadataToken>100663323</MetadataToken>
              <Name>PathFinding.BFSCell PathFinding.BFSCell::get_Parent()</Name>
              <FileRef uid="12" />
              <SequencePoints>
                <SequencePoint vc="1150" uspid="4131" ordinal="0" offset="0" sl="14" sc="33" el="14" ec="33" bec="0" bev="0" fileid="12" />
              </SequencePoints>
              <BranchPoints />
            </Method>
            <Method visited="true" cyclomaticComplexity="1" nPathComplexity="0" sequenceCoverage="100.0" branchCoverage="0" crapScore="1" isConstructor="false" isStatic="false" isGetter="false" isSetter="true">
              <Summary numSequencePoints="1" visitedSequencePoints="1" numBranchPoints="0" visitedBranchPoints="0" sequenceCoverage="100.0" branchCoverage="0" maxCyclomaticComplexity="1" minCyclomaticComplexity="1" maxCrapScore="1" minCrapScore="1" visitedClasses="0" numClasses="0" visitedMethods="1" numMethods="1" />
              <MetadataToken>100663324</MetadataToken>
              <Name>System.Void PathFinding.BFSCell::set_Parent(PathFinding.BFSCell)</Name>
              <FileRef uid="12" />
              <SequencePoints>
                <SequencePoint vc="74245" uspid="4132" ordinal="0" offset="0" sl="14" sc="38" el="14" ec="38" bec="0" bev="0" fileid="12" />
              </SequencePoints>
              <BranchPoints />
            </Method>
            <Method visited="true" cyclomaticComplexity="1" nPathComplexity="0" sequenceCoverage="100.0" branchCoverage="0" crapScore="1" isConstructor="false" isStatic="false" isGetter="true" isSetter="false">
              <Summary numSequencePoints="1" visitedSequencePoints="1" numBranchPoints="0" visitedBranchPoints="0" sequenceCoverage="100.0" branchCoverage="0" maxCyclomaticComplexity="1" minCyclomaticComplexity="1" maxCrapScore="1" minCrapScore="1" visitedClasses="0" numClasses="0" visitedMethods="1" numMethods="1" />
              <MetadataToken>100663325</MetadataToken>
              <Name>System.Int32 PathFinding.BFSCell::get_Step()</Name>
              <FileRef uid="12" />
              <SequencePoints>
                <SequencePoint vc="33764" uspid="4133" ordinal="0" offset="0" sl="19" sc="27" el="19" ec="27" bec="0" bev="0" fileid="12" />
              </SequencePoints>
              <BranchPoints />
            </Method>
            <Method visited="true" cyclomaticComplexity="1" nPathComplexity="0" sequenceCoverage="100.0" branchCoverage="0" crapScore="1" isConstructor="false" isStatic="false" isGetter="false" isSetter="true">
              <Summary numSequencePoints="1" visitedSequencePoints="1" numBranchPoints="0" visitedBranchPoints="0" sequenceCoverage="100.0" branchCoverage="0" maxCyclomaticComplexity="1" minCyclomaticComplexity="1" maxCrapScore="1" minCrapScore="1" visitedClasses="0" numClasses="0" visitedMethods="1" numMethods="1" />
              <MetadataToken>100663326</MetadataToken>
              <Name>System.Void PathFinding.BFSCell::set_Step(System.Int32)</Name>
              <FileRef uid="12" />
              <SequencePoints>
                <SequencePoint vc="74245" uspid="4134" ordinal="0" offset="0" sl="19" sc="32" el="19" ec="32" bec="0" bev="0" fileid="12" />
              </SequencePoints>
              <BranchPoints />
            </Method>
            <Method visited="true" cyclomaticComplexity="1" nPathComplexity="0" sequenceCoverage="100.0" branchCoverage="0" crapScore="1" isConstructor="false" isStatic="false" isGetter="true" isSetter="false">
              <Summary numSequencePoints="1" visitedSequencePoints="1" numBranchPoints="0" visitedBranchPoints="0" sequenceCoverage="100.0" branchCoverage="0" maxCyclomaticComplexity="1" minCyclomaticComplexity="1" maxCrapScore="1" minCrapScore="1" visitedClasses="0" numClasses="0" visitedMethods="1" numMethods="1" />
              <MetadataToken>100663327</MetadataToken>
              <Name>System.Int32 PathFinding.BFSCell::get_Row()</Name>
              <FileRef uid="12" />
              <SequencePoints>
                <SequencePoint vc="84385" uspid="4135" ordinal="0" offset="0" sl="24" sc="26" el="24" ec="26" bec="0" bev="0" fileid="12" />
              </SequencePoints>
              <BranchPoints />
            </Method>
            <Method visited="true" cyclomaticComplexity="1" nPathComplexity="0" sequenceCoverage="100.0" branchCoverage="0" crapScore="1" isConstructor="false" isStatic="false" isGetter="false" isSetter="true">
              <Summary numSequencePoints="1" visitedSequencePoints="1" numBranchPoints="0" visitedBranchPoints="0" sequenceCoverage="100.0" branchCoverage="0" maxCyclomaticComplexity="1" minCyclomaticComplexity="1" maxCrapScore="1" minCrapScore="1" visitedClasses="0" numClasses="0" visitedMethods="1" numMethods="1" />
              <MetadataToken>100663328</MetadataToken>
              <Name>System.Void PathFinding.BFSCell::set_Row(System.Int32)</Name>
              <FileRef uid="12" />
              <SequencePoints>
                <SequencePoint vc="15515" uspid="4136" ordinal="0" offset="0" sl="24" sc="31" el="24" ec="31" bec="0" bev="0" fileid="12" />
              </SequencePoints>
              <BranchPoints />
            </Method>
            <Method visited="true" cyclomaticComplexity="1" nPathComplexity="0" sequenceCoverage="100.0" branchCoverage="0" crapScore="1" isConstructor="false" isStatic="false" isGetter="true" isSetter="false">
              <Summary numSequencePoints="1" visitedSequencePoints="1" numBranchPoints="0" visitedBranchPoints="0" sequenceCoverage="100.0" branchCoverage="0" maxCyclomaticComplexity="1" minCyclomaticComplexity="1" maxCrapScore="1" minCrapScore="1" visitedClasses="0" numClasses="0" visitedMethods="1" numMethods="1" />
              <MetadataToken>100663329</MetadataToken>
              <Name>System.Int32 PathFinding.BFSCell::get_Col()</Name>
              <FileRef uid="12" />
              <SequencePoints>
                <SequencePoint vc="76601" uspid="4137" ordinal="0" offset="0" sl="29" sc="26" el="29" ec="26" bec="0" bev="0" fileid="12" />
              </SequencePoints>
              <BranchPoints />
            </Method>
            <Method visited="true" cyclomaticComplexity="1" nPathComplexity="0" sequenceCoverage="100.0" branchCoverage="0" crapScore="1" isConstructor="false" isStatic="false" isGetter="false" isSetter="true">
              <Summary numSequencePoints="1" visitedSequencePoints="1" numBranchPoints="0" visitedBranchPoints="0" sequenceCoverage="100.0" branchCoverage="0" maxCyclomaticComplexity="1" minCyclomaticComplexity="1" maxCrapScore="1" minCrapScore="1" visitedClasses="0" numClasses="0" visitedMethods="1" numMethods="1" />
              <MetadataToken>100663330</MetadataToken>
              <Name>System.Void PathFinding.BFSCell::set_Col(System.Int32)</Name>
              <FileRef uid="12" />
              <SequencePoints>
                <SequencePoint vc="15515" uspid="4138" ordinal="0" offset="0" sl="29" sc="31" el="29" ec="31" bec="0" bev="0" fileid="12" />
              </SequencePoints>
              <BranchPoints />
            </Method>
            <Method visited="true" cyclomaticComplexity="2" nPathComplexity="0" sequenceCoverage="71.43" branchCoverage="0" crapScore="2.09" isConstructor="false" isStatic="false" isGetter="false" isSetter="false">
              <Summary numSequencePoints="7" visitedSequencePoints="5" numBranchPoints="0" visitedBranchPoints="0" sequenceCoverage="71.43" branchCoverage="0" maxCyclomaticComplexity="2" minCyclomaticComplexity="2" maxCrapScore="2.09" minCrapScore="2.09" visitedClasses="0" numClasses="0" visitedMethods="1" numMethods="1" />
              <MetadataToken>100663331</MetadataToken>
              <Name>System.Void PathFinding.BFSCell::Visit(System.Int32, PathFinding.BFSCell)</Name>
              <FileRef uid="12" />
              <SequencePoints>
                <SequencePoint vc="4755" uspid="4139" ordinal="0" offset="0" sl="38" sc="9" el="38" ec="9" bec="0" bev="0" fileid="12" />
                <SequencePoint vc="4755" uspid="4140" ordinal="0" offset="1" sl="39" sc="13" el="39" ec="13" bec="0" bev="0" fileid="12" />
                <SequencePoint vc="0" uspid="4141" ordinal="0" offset="14" sl="40" sc="13" el="40" ec="13" bec="0" bev="0" fileid="12" />
                <SequencePoint vc="0" uspid="4142" ordinal="0" offset="15" sl="41" sc="17" el="41" ec="17" bec="0" bev="0" fileid="12" />
                <SequencePoint vc="4755" uspid="4143" ordinal="0" offset="26" sl="44" sc="13" el="44" ec="13" bec="0" bev="0" fileid="12" />
                <SequencePoint vc="4755" uspid="4144" ordinal="0" offset="34" sl="45" sc="13" el="45" ec="13" bec="0" bev="0" fileid="12" />
                <SequencePoint vc="4755" uspid="4145" ordinal="0" offset="42" sl="46" sc="9" el="46" ec="9" bec="0" bev="0" fileid="12" />
              </SequencePoints>
              <BranchPoints />
            </Method>
            <Method visited="true" cyclomaticComplexity="1" nPathComplexity="0" sequenceCoverage="100.0" branchCoverage="0" crapScore="1" isConstructor="false" isStatic="false" isGetter="false" isSetter="false">
              <Summary numSequencePoints="4" visitedSequencePoints="4" numBranchPoints="0" visitedBranchPoints="0" sequenceCoverage="100.0" branchCoverage="0" maxCyclomaticComplexity="1" minCyclomaticComplexity="1" maxCrapScore="1" minCrapScore="1" visitedClasses="0" numClasses="0" visitedMethods="1" numMethods="1" />
              <MetadataToken>100663333</MetadataToken>
              <Name>System.Void PathFinding.BFSCell::Reset()</Name>
              <FileRef uid="12" />
              <SequencePoints>
                <SequencePoint vc="69490" uspid="4146" ordinal="0" offset="0" sl="63" sc="9" el="63" ec="9" bec="0" bev="0" fileid="12" />
                <SequencePoint vc="69490" uspid="4147" ordinal="0" offset="1" sl="64" sc="13" el="64" ec="13" bec="0" bev="0" fileid="12" />
                <SequencePoint vc="69490" uspid="4148" ordinal="0" offset="9" sl="65" sc="13" el="65" ec="13" bec="0" bev="0" fileid="12" />
                <SequencePoint vc="69490" uspid="4149" ordinal="0" offset="17" sl="66" sc="9" el="66" ec="9" bec="0" bev="0" fileid="12" />
              </SequencePoints>
              <BranchPoints />
            </Method>
            <Method visited="true" cyclomaticComplexity="1" nPathComplexity="0" sequenceCoverage="100.0" branchCoverage="0" crapScore="1" isConstructor="true" isStatic="false" isGetter="false" isSetter="false">
              <Summary numSequencePoints="7" visitedSequencePoints="7" numBranchPoints="0" visitedBranchPoints="0" sequenceCoverage="100.0" branchCoverage="0" maxCyclomaticComplexity="1" minCyclomaticComplexity="1" maxCrapScore="1" minCrapScore="1" visitedClasses="0" numClasses="0" visitedMethods="1" numMethods="1" />
              <MetadataToken>100663332</MetadataToken>
              <Name>PathFinding.BFSCell::BFSCell(System.Int32, System.Int32)</Name>
              <FileRef uid="12" />
              <SequencePoints>
                <SequencePoint vc="15515" uspid="4150" ordinal="0" offset="0" sl="14" sc="55" el="14" ec="55" bec="0" bev="0" fileid="12" />
                <SequencePoint vc="15515" uspid="4151" ordinal="0" offset="7" sl="19" sc="49" el="19" ec="49" bec="0" bev="0" fileid="12" />
                <SequencePoint vc="15515" uspid="4152" ordinal="0" offset="14" sl="53" sc="9" el="53" ec="9" bec="0" bev="0" fileid="12" />
                <SequencePoint vc="15515" uspid="4153" ordinal="0" offset="21" sl="54" sc="9" el="54" ec="9" bec="0" bev="0" fileid="12" />
                <SequencePoint vc="15515" uspid="4154" ordinal="0" offset="22" sl="55" sc="13" el="55" ec="13" bec="0" bev="0" fileid="12" />
                <SequencePoint vc="15515" uspid="4155" ordinal="0" offset="30" sl="56" sc="13" el="56" ec="13" bec="0" bev="0" fileid="12" />
                <SequencePoint vc="15515" uspid="4156" ordinal="0" offset="38" sl="57" sc="9" el="57" ec="9" bec="0" bev="0" fileid="12" />
              </SequencePoints>
              <BranchPoints />
            </Method>
          </Methods>
        </Class>
        <Class>
          <Summary numSequencePoints="37" visitedSequencePoints="37" numBranchPoints="0" visitedBranchPoints="0" sequenceCoverage="100.0" branchCoverage="0.0" maxCyclomaticComplexity="2" minCyclomaticComplexity="1" maxCrapScore="2" minCrapScore="1" visitedClasses="1" numClasses="1" visitedMethods="3" numMethods="3" />
          <FullName>Menu.KeyBindScript</FullName>
          <Methods>
            <Method visited="true" cyclomaticComplexity="2" nPathComplexity="0" sequenceCoverage="100.0" branchCoverage="0" crapScore="2" isConstructor="false" isStatic="false" isGetter="false" isSetter="false">
              <Summary numSequencePoints="14" visitedSequencePoints="14" numBranchPoints="0" visitedBranchPoints="0" sequenceCoverage="100.0" branchCoverage="0" maxCyclomaticComplexity="2" minCyclomaticComplexity="2" maxCrapScore="2" minCrapScore="2" visitedClasses="0" numClasses="0" visitedMethods="1" numMethods="1" />
              <MetadataToken>100663335</MetadataToken>
              <Name>System.Void Menu.KeyBindScript::Start()</Name>
              <FileRef uid="13" />
              <SequencePoints>
                <SequencePoint vc="4" uspid="4157" ordinal="0" offset="0" sl="65" sc="9" el="65" ec="9" bec="0" bev="0" fileid="13" />
                <SequencePoint vc="4" uspid="4158" ordinal="0" offset="1" sl="67" sc="18" el="67" ec="18" bec="0" bev="0" fileid="13" />
                <SequencePoint vc="12" uspid="4159" ordinal="0" offset="8" sl="68" sc="13" el="68" ec="13" bec="0" bev="0" fileid="13" />
                <SequencePoint vc="12" uspid="4160" ordinal="0" offset="9" sl="69" sc="17" el="69" ec="17" bec="0" bev="0" fileid="13" />
                <SequencePoint vc="12" uspid="4161" ordinal="0" offset="103" sl="70" sc="17" el="70" ec="17" bec="0" bev="0" fileid="13" />
                <SequencePoint vc="12" uspid="4162" ordinal="0" offset="197" sl="71" sc="17" el="71" ec="17" bec="0" bev="0" fileid="13" />
                <SequencePoint vc="12" uspid="4163" ordinal="0" offset="291" sl="72" sc="17" el="72" ec="17" bec="0" bev="0" fileid="13" />
                <SequencePoint vc="12" uspid="4164" ordinal="0" offset="385" sl="73" sc="17" el="73" ec="17" bec="0" bev="0" fileid="13" />
                <SequencePoint vc="12" uspid="4165" ordinal="0" offset="479" sl="74" sc="17" el="74" ec="17" bec="0" bev="0" fileid="13" />
                <SequencePoint vc="12" uspid="4166" ordinal="0" offset="573" sl="76" sc="13" el="76" ec="13" bec="0" bev="0" fileid="13" />
                <SequencePoint vc="12" uspid="4167" ordinal="0" offset="574" sl="67" sc="36" el="67" ec="36" bec="0" bev="0" fileid="13" />
                <SequencePoint vc="16" uspid="4168" ordinal="0" offset="578" sl="67" sc="29" el="67" ec="29" bec="0" bev="0" fileid="13" />
                <SequencePoint vc="4" uspid="4169" ordinal="0" offset="589" sl="77" sc="13" el="77" ec="13" bec="0" bev="0" fileid="13" />
                <SequencePoint vc="4" uspid="4170" ordinal="0" offset="596" sl="78" sc="9" el="78" ec="9" bec="0" bev="0" fileid="13" />
              </SequencePoints>
              <BranchPoints />
            </Method>
            <Method visited="true" cyclomaticComplexity="1" nPathComplexity="0" sequenceCoverage="100.0" branchCoverage="0" crapScore="1" isConstructor="false" isStatic="false" isGetter="false" isSetter="false">
              <Summary numSequencePoints="20" visitedSequencePoints="20" numBranchPoints="0" visitedBranchPoints="0" sequenceCoverage="100.0" branchCoverage="0" maxCyclomaticComplexity="1" minCyclomaticComplexity="1" maxCrapScore="1" minCrapScore="1" visitedClasses="0" numClasses="0" visitedMethods="1" numMethods="1" />
              <MetadataToken>100663337</MetadataToken>
              <Name>System.Void Menu.KeyBindScript::UpdateLabels()</Name>
              <FileRef uid="13" />
              <SequencePoints>
                <SequencePoint vc="4" uspid="4184" ordinal="0" offset="0" sl="104" sc="9" el="104" ec="9" bec="0" bev="0" fileid="13" />
                <SequencePoint vc="4" uspid="4185" ordinal="0" offset="1" sl="105" sc="13" el="105" ec="13" bec="0" bev="0" fileid="13" />
                <SequencePoint vc="4" uspid="4186" ordinal="0" offset="43" sl="106" sc="13" el="106" ec="13" bec="0" bev="0" fileid="13" />
                <SequencePoint vc="4" uspid="4187" ordinal="0" offset="85" sl="107" sc="13" el="107" ec="13" bec="0" bev="0" fileid="13" />
                <SequencePoint vc="4" uspid="4188" ordinal="0" offset="127" sl="108" sc="13" el="108" ec="13" bec="0" bev="0" fileid="13" />
                <SequencePoint vc="4" uspid="4189" ordinal="0" offset="169" sl="109" sc="13" el="109" ec="13" bec="0" bev="0" fileid="13" />
                <SequencePoint vc="4" uspid="4190" ordinal="0" offset="211" sl="110" sc="13" el="110" ec="13" bec="0" bev="0" fileid="13" />
[...]
              <FileRef uid="43" />
              <SequencePoints>
                <SequencePoint vc="3" uspid="7257" ordinal="0" offset="0" sl="119" sc="63" el="119" ec="63" bec="0" bev="0" fileid="43" />
              </SequencePoints>
              <BranchPoints />
            </Method>
            <Method visited="true" cyclomaticComplexity="1" nPathComplexity="0" sequenceCoverage="100.0" branchCoverage="0" crapScore="1" isConstructor="false" isStatic="false" isGetter="false" isSetter="false">
              <Summary numSequencePoints="1" visitedSequencePoints="1" numBranchPoints="0" visitedBranchPoints="0" sequenceCoverage="100.0" branchCoverage="0" maxCyclomaticComplexity="1" minCyclomaticComplexity="1" maxCrapScore="1" minCrapScore="1" visitedClasses="0" numClasses="0" visitedMethods="1" numMethods="1" />
              <MetadataToken>100663633</MetadataToken>
              <Name>System.Boolean Tests.PlayerTests/&lt;&gt;c::&lt;TestBombDespawnOnNewGame&gt;b__6_1(Bomberman.Bomb)</Name>
              <FileRef uid="43" />
              <SequencePoints>
                <SequencePoint vc="3" uspid="7258" ordinal="0" offset="0" sl="128" sc="84" el="128" ec="84" bec="0" bev="0" fileid="43" />
              </SequencePoints>
              <BranchPoints />
            </Method>
          </Methods>
        </Class>
        <Class>
          <Summary numSequencePoints="26" visitedSequencePoints="26" numBranchPoints="0" visitedBranchPoints="0" sequenceCoverage="100.0" branchCoverage="0.0" maxCyclomaticComplexity="10" minCyclomaticComplexity="10" maxCrapScore="10" minCrapScore="10" visitedClasses="1" numClasses="1" visitedMethods="1" numMethods="1" />
          <FullName>Tests.PlayerTests/&lt;MonsterDeathAndPlayerDamageTest&gt;d__4</FullName>
          <Methods>
            <Method visited="true" cyclomaticComplexity="10" nPathComplexity="0" sequenceCoverage="100.0" branchCoverage="0" crapScore="10" isConstructor="false" isStatic="false" isGetter="false" isSetter="false">
              <Summary numSequencePoints="26" visitedSequencePoints="26" numBranchPoints="0" visitedBranchPoints="0" sequenceCoverage="100.0" branchCoverage="0" maxCyclomaticComplexity="10" minCyclomaticComplexity="10" maxCrapScore="10" minCrapScore="10" visitedClasses="0" numClasses="0" visitedMethods="1" numMethods="1" />
              <MetadataToken>100663636</MetadataToken>
              <Name>System.Boolean Tests.PlayerTests/&lt;MonsterDeathAndPlayerDamageTest&gt;d__4::MoveNext()</Name>
              <FileRef uid="43" />
              <SequencePoints>
                <SequencePoint vc="1" uspid="7259" ordinal="0" offset="57" sl="41" sc="9" el="41" ec="9" bec="0" bev="0" fileid="43" />
                <SequencePoint vc="1" uspid="7260" ordinal="0" offset="58" sl="42" sc="13" el="42" ec="13" bec="0" bev="0" fileid="43" />
                <SequencePoint vc="1" uspid="7261" ordinal="0" offset="64" sl="43" sc="13" el="43" ec="13" bec="0" bev="0" fileid="43" />
                <SequencePoint vc="1" uspid="7262" ordinal="0" offset="81" sl="44" sc="13" el="44" ec="13" bec="0" bev="0" fileid="43" />
                <SequencePoint vc="1" uspid="7263" ordinal="0" offset="103" sl="45" sc="13" el="45" ec="13" bec="0" bev="0" fileid="43" />
                <SequencePoint vc="1" uspid="7264" ordinal="0" offset="120" sl="46" sc="13" el="46" ec="13" bec="0" bev="0" fileid="43" />
                <SequencePoint vc="1" uspid="7265" ordinal="0" offset="183" sl="47" sc="13" el="47" ec="13" bec="0" bev="0" fileid="43" />
                <SequencePoint vc="1" uspid="7266" ordinal="0" offset="194" sl="49" sc="13" el="49" ec="13" bec="0" bev="0" fileid="43" />
                <SequencePoint vc="1" uspid="7267" ordinal="0" offset="195" sl="49" sc="34" el="49" ec="34" bec="0" bev="0" fileid="43" />
                <SequencePoint vc="3" uspid="7268" ordinal="0" offset="224" sl="49" sc="22" el="49" ec="22" bec="0" bev="0" fileid="43" />
                <SequencePoint vc="3" uspid="7269" ordinal="0" offset="241" sl="50" sc="13" el="50" ec="13" bec="0" bev="0" fileid="43" />
                <SequencePoint vc="3" uspid="7270" ordinal="0" offset="242" sl="51" sc="17" el="51" ec="17" bec="0" bev="0" fileid="43" />
                <SequencePoint vc="3" uspid="7271" ordinal="0" offset="272" sl="52" sc="13" el="52" ec="13" bec="0" bev="0" fileid="43" />
                <SequencePoint vc="4" uspid="7272" ordinal="0" offset="280" sl="49" sc="31" el="49" ec="31" bec="0" bev="0" fileid="43" />
                <SequencePoint vc="1" uspid="7273" ordinal="0" offset="326" sl="54" sc="13" el="54" ec="13" bec="0" bev="0" fileid="43" />
                <SequencePoint vc="1" uspid="7274" ordinal="0" offset="349" sl="56" sc="18" el="56" ec="18" bec="0" bev="0" fileid="43" />
                <SequencePoint vc="3" uspid="7275" ordinal="0" offset="358" sl="57" sc="13" el="57" ec="13" bec="0" bev="0" fileid="43" />
                <SequencePoint vc="3" uspid="7276" ordinal="0" offset="359" sl="58" sc="17" el="58" ec="17" bec="0" bev="0" fileid="43" />
                <SequencePoint vc="3" uspid="7277" ordinal="0" offset="424" sl="59" sc="13" el="59" ec="13" bec="0" bev="0" fileid="43" />
                <SequencePoint vc="3" uspid="7278" ordinal="0" offset="425" sl="56" sc="48" el="56" ec="48" bec="0" bev="0" fileid="43" />
                <SequencePoint vc="4" uspid="7279" ordinal="0" offset="441" sl="56" sc="29" el="56" ec="29" bec="0" bev="0" fileid="43" />
                <SequencePoint vc="1" uspid="7280" ordinal="0" offset="464" sl="60" sc="13" el="60" ec="13" bec="0" bev="0" fileid="43" />
                <SequencePoint vc="1" uspid="7281" ordinal="0" offset="487" sl="61" sc="13" el="61" ec="13" bec="0" bev="0" fileid="43" />
                <SequencePoint vc="1" uspid="7282" ordinal="0" offset="576" sl="62" sc="13" el="62" ec="13" bec="0" bev="0" fileid="43" />
                <SequencePoint vc="1" uspid="7283" ordinal="0" offset="599" sl="63" sc="13" el="63" ec="13" bec="0" bev="0" fileid="43" />
                <SequencePoint vc="1" uspid="7284" ordinal="0" offset="605" sl="64" sc="9" el="64" ec="9" bec="0" bev="0" fileid="43" />
              </SequencePoints>
              <BranchPoints />
            </Method>
          </Methods>
        </Class>
        <Class>
          <Summary numSequencePoints="35" visitedSequencePoints="35" numBranchPoints="0" visitedBranchPoints="0" sequenceCoverage="100.0" branchCoverage="0.0" maxCyclomaticComplexity="12" minCyclomaticComplexity="12" maxCrapScore="12" minCrapScore="12" visitedClasses="1" numClasses="1" visitedMethods="1" numMethods="1" />
          <FullName>Tests.PlayerTests/&lt;TestBombDespawnOnNewGame&gt;d__6</FullName>
          <Methods>
            <Method visited="true" cyclomaticComplexity="12" nPathComplexity="0" sequenceCoverage="100.0" branchCoverage="0" crapScore="12" isConstructor="false" isStatic="false" isGetter="false" isSetter="false">
              <Summary numSequencePoints="35" visitedSequencePoints="35" numBranchPoints="0" visitedBranchPoints="0" sequenceCoverage="100.0" branchCoverage="0" maxCyclomaticComplexity="12" minCyclomaticComplexity="12" maxCrapScore="12" minCrapScore="12" visitedClasses="0" numClasses="0" visitedMethods="1" numMethods="1" />
              <MetadataToken>100663642</MetadataToken>
              <Name>System.Boolean Tests.PlayerTests/&lt;TestBombDespawnOnNewGame&gt;d__6::MoveNext()</Name>
              <FileRef uid="43" />
              <SequencePoints>
                <SequencePoint vc="1" uspid="7285" ordinal="0" offset="57" sl="115" sc="9" el="115" ec="9" bec="0" bev="0" fileid="43" />
                <SequencePoint vc="1" uspid="7286" ordinal="0" offset="58" sl="116" sc="13" el="116" ec="13" bec="0" bev="0" fileid="43" />
                <SequencePoint vc="1" uspid="7287" ordinal="0" offset="64" sl="117" sc="13" el="117" ec="13" bec="0" bev="0" fileid="43" />
                <SequencePoint vc="1" uspid="7288" ordinal="0" offset="81" sl="118" sc="13" el="118" ec="13" bec="0" bev="0" fileid="43" />
                <SequencePoint vc="1" uspid="7289" ordinal="0" offset="103" sl="119" sc="13" el="119" ec="13" bec="0" bev="0" fileid="43" />
                <SequencePoint vc="1" uspid="7290" ordinal="0" offset="166" sl="121" sc="13" el="121" ec="13" bec="0" bev="0" fileid="43" />
                <SequencePoint vc="1" uspid="7291" ordinal="0" offset="167" sl="121" sc="34" el="121" ec="34" bec="0" bev="0" fileid="43" />
                <SequencePoint vc="3" uspid="7292" ordinal="0" offset="199" sl="121" sc="22" el="121" ec="22" bec="0" bev="0" fileid="43" />
                <SequencePoint vc="3" uspid="7293" ordinal="0" offset="216" sl="122" sc="13" el="122" ec="13" bec="0" bev="0" fileid="43" />
                <SequencePoint vc="3" uspid="7294" ordinal="0" offset="217" sl="123" sc="17" el="123" ec="17" bec="0" bev="0" fileid="43" />
                <SequencePoint vc="3" uspid="7295" ordinal="0" offset="218" sl="123" sc="41" el="123" ec="41" bec="0" bev="0" fileid="43" />
                <SequencePoint vc="18" uspid="7296" ordinal="0" offset="245" sl="123" sc="26" el="123" ec="26" bec="0" bev="0" fileid="43" />
                <SequencePoint vc="18" uspid="7297" ordinal="0" offset="262" sl="124" sc="17" el="124" ec="17" bec="0" bev="0" fileid="43" />
                <SequencePoint vc="18" uspid="7298" ordinal="0" offset="263" sl="125" sc="21" el="125" ec="21" bec="0" bev="0" fileid="43" />
                <SequencePoint vc="3" uspid="7299" ordinal="0" offset="298" sl="126" sc="21" el="126" ec="21" bec="0" bev="0" fileid="43" />
                <SequencePoint vc="3" uspid="7300" ordinal="0" offset="299" sl="127" sc="25" el="127" ec="25" bec="0" bev="0" fileid="43" />
                <SequencePoint vc="3" uspid="7301" ordinal="0" offset="328" sl="128" sc="25" el="128" ec="25" bec="0" bev="0" fileid="43" />
                <SequencePoint vc="3" uspid="7302" ordinal="0" offset="407" sl="129" sc="21" el="129" ec="21" bec="0" bev="0" fileid="43" />
                <SequencePoint vc="18" uspid="7303" ordinal="0" offset="408" sl="130" sc="17" el="130" ec="17" bec="0" bev="0" fileid="43" />
                <SequencePoint vc="21" uspid="7304" ordinal="0" offset="421" sl="123" sc="38" el="123" ec="38" bec="0" bev="0" fileid="43" />
                <SequencePoint vc="3" uspid="7305" ordinal="0" offset="470" sl="131" sc="13" el="131" ec="13" bec="0" bev="0" fileid="43" />
                <SequencePoint vc="4" uspid="7306" ordinal="0" offset="478" sl="121" sc="31" el="121" ec="31" bec="0" bev="0" fileid="43" />
                <SequencePoint vc="1" uspid="7307" ordinal="0" offset="527" sl="132" sc="13" el="132" ec="13" bec="0" bev="0" fileid="43" />
                <SequencePoint vc="1" uspid="7308" ordinal="0" offset="559" sl="134" sc="13" el="134" ec="13" bec="0" bev="0" fileid="43" />
                <SequencePoint vc="1" uspid="7309" ordinal="0" offset="576" sl="135" sc="13" el="135" ec="13" bec="0" bev="0" fileid="43" />
                <SequencePoint vc="1" uspid="7310" ordinal="0" offset="598" sl="137" sc="13" el="137" ec="13" bec="0" bev="0" fileid="43" />
                <SequencePoint vc="1" uspid="7311" ordinal="0" offset="630" sl="139" sc="18" el="139" ec="18" bec="0" bev="0" fileid="43" />
                <SequencePoint vc="3" uspid="7312" ordinal="0" offset="639" sl="140" sc="13" el="140" ec="13" bec="0" bev="0" fileid="43" />
                <SequencePoint vc="3" uspid="7313" ordinal="0" offset="640" sl="141" sc="17" el="141" ec="17" bec="0" bev="0" fileid="43" />
                <SequencePoint vc="3" uspid="7314" ordinal="0" offset="705" sl="142" sc="13" el="142" ec="13" bec="0" bev="0" fileid="43" />
                <SequencePoint vc="3" uspid="7315" ordinal="0" offset="706" sl="139" sc="48" el="139" ec="48" bec="0" bev="0" fileid="43" />
                <SequencePoint vc="4" uspid="7316" ordinal="0" offset="722" sl="139" sc="29" el="139" ec="29" bec="0" bev="0" fileid="43" />
                <SequencePoint vc="1" uspid="7317" ordinal="0" offset="745" sl="144" sc="13" el="144" ec="13" bec="0" bev="0" fileid="43" />
                <SequencePoint vc="1" uspid="7318" ordinal="0" offset="751" sl="146" sc="13" el="146" ec="13" bec="0" bev="0" fileid="43" />
                <SequencePoint vc="1" uspid="7319" ordinal="0" offset="774" sl="147" sc="9" el="147" ec="9" bec="0" bev="0" fileid="43" />
              </SequencePoints>
              <BranchPoints />
            </Method>
          </Methods>
        </Class>
        <Class>
          <Summary numSequencePoints="43" visitedSequencePoints="43" numBranchPoints="0" visitedBranchPoints="0" sequenceCoverage="100.0" branchCoverage="0.0" maxCyclomaticComplexity="7" minCyclomaticComplexity="7" maxCrapScore="7" minCrapScore="7" visitedClasses="1" numClasses="1" visitedMethods="1" numMethods="1" />
          <FullName>Tests.PlayerTests/&lt;TestPlayerAndMonsterWallDetection&gt;d__5</FullName>
          <Methods>
            <Method visited="true" cyclomaticComplexity="7" nPathComplexity="0" sequenceCoverage="100.0" branchCoverage="0" crapScore="7" isConstructor="false" isStatic="false" isGetter="false" isSetter="false">
              <Summary numSequencePoints="43" visitedSequencePoints="43" numBranchPoints="0" visitedBranchPoints="0" sequenceCoverage="100.0" branchCoverage="0" maxCyclomaticComplexity="7" minCyclomaticComplexity="7" maxCrapScore="7" minCrapScore="7" visitedClasses="0" numClasses="0" visitedMethods="1" numMethods="1" />
              <MetadataToken>100663648</MetadataToken>
              <Name>System.Boolean Tests.PlayerTests/&lt;TestPlayerAndMonsterWallDetection&gt;d__5::MoveNext()</Name>
              <FileRef uid="43" />
              <SequencePoints>
                <SequencePoint vc="1" uspid="7320" ordinal="0" offset="34" sl="69" sc="9" el="69" ec="9" bec="0" bev="0" fileid="43" />
                <SequencePoint vc="1" uspid="7321" ordinal="0" offset="35" sl="70" sc="13" el="70" ec="13" bec="0" bev="0" fileid="43" />
                <SequencePoint vc="1" uspid="7322" ordinal="0" offset="41" sl="71" sc="13" el="71" ec="13" bec="0" bev="0" fileid="43" />
                <SequencePoint vc="1" uspid="7323" ordinal="0" offset="58" sl="72" sc="13" el="72" ec="13" bec="0" bev="0" fileid="43" />
                <SequencePoint vc="1" uspid="7324" ordinal="0" offset="76" sl="73" sc="13" el="73" ec="13" bec="0" bev="0" fileid="43" />
                <SequencePoint vc="1" uspid="7325" ordinal="0" offset="98" sl="74" sc="13" el="74" ec="13" bec="0" bev="0" fileid="43" />
                <SequencePoint vc="1" uspid="7326" ordinal="0" offset="109" sl="75" sc="13" el="75" ec="13" bec="0" bev="0" fileid="43" />
                <SequencePoint vc="1" uspid="7327" ordinal="0" offset="120" sl="77" sc="13" el="77" ec="13" bec="0" bev="0" fileid="43" />
                <SequencePoint vc="1" uspid="7328" ordinal="0" offset="131" sl="78" sc="13" el="78" ec="13" bec="0" bev="0" fileid="43" />
                <SequencePoint vc="1" uspid="7329" ordinal="0" offset="142" sl="80" sc="13" el="80" ec="13" bec="0" bev="0" fileid="43" />
                <SequencePoint vc="1" uspid="7330" ordinal="0" offset="143" sl="80" sc="34" el="80" ec="34" bec="0" bev="0" fileid="43" />
                <SequencePoint vc="3" uspid="7331" ordinal="0" offset="175" sl="80" sc="22" el="80" ec="22" bec="0" bev="0" fileid="43" />
                <SequencePoint vc="3" uspid="7332" ordinal="0" offset="192" sl="81" sc="13" el="81" ec="13" bec="0" bev="0" fileid="43" />
                <SequencePoint vc="3" uspid="7333" ordinal="0" offset="193" sl="82" sc="17" el="82" ec="17" bec="0" bev="0" fileid="43" />
                <SequencePoint vc="3" uspid="7334" ordinal="0" offset="242" sl="83" sc="17" el="83" ec="17" bec="0" bev="0" fileid="43" />
                <SequencePoint vc="3" uspid="7335" ordinal="0" offset="322" sl="84" sc="13" el="84" ec="13" bec="0" bev="0" fileid="43" />
                <SequencePoint vc="4" uspid="7336" ordinal="0" offset="330" sl="80" sc="31" el="80" ec="31" bec="0" bev="0" fileid="43" />
                <SequencePoint vc="1" uspid="7337" ordinal="0" offset="379" sl="86" sc="13" el="86" ec="13" bec="0" bev="0" fileid="43" />
                <SequencePoint vc="1" uspid="7338" ordinal="0" offset="380" sl="86" sc="34" el="86" ec="34" bec="0" bev="0" fileid="43" />
                <SequencePoint vc="4" uspid="7339" ordinal="0" offset="412" sl="86" sc="22" el="86" ec="22" bec="0" bev="0" fileid="43" />
                <SequencePoint vc="4" uspid="7340" ordinal="0" offset="429" sl="87" sc="13" el="87" ec="13" bec="0" bev="0" fileid="43" />
                <SequencePoint vc="4" uspid="7341" ordinal="0" offset="430" sl="88" sc="17" el="88" ec="17" bec="0" bev="0" fileid="43" />
                <SequencePoint vc="4" uspid="7342" ordinal="0" offset="479" sl="89" sc="17" el="89" ec="17" bec="0" bev="0" fileid="43" />
                <SequencePoint vc="4" uspid="7343" ordinal="0" offset="559" sl="90" sc="13" el="90" ec="13" bec="0" bev="0" fileid="43" />
                <SequencePoint vc="5" uspid="7344" ordinal="0" offset="567" sl="86" sc="31" el="86" ec="31" bec="0" bev="0" fileid="43" />
                <SequencePoint vc="1" uspid="7345" ordinal="0" offset="616" sl="92" sc="13" el="92" ec="13" bec="0" bev="0" fileid="43" />
                <SequencePoint vc="1" uspid="7346" ordinal="0" offset="648" sl="94" sc="18" el="94" ec="18" bec="0" bev="0" fileid="43" />
                <SequencePoint vc="3" uspid="7347" ordinal="0" offset="660" sl="95" sc="13" el="95" ec="13" bec="0" bev="0" fileid="43" />
                <SequencePoint vc="3" uspid="7348" ordinal="0" offset="661" sl="96" sc="17" el="96" ec="17" bec="0" bev="0" fileid="43" />
                <SequencePoint vc="3" uspid="7349" ordinal="0" offset="721" sl="97" sc="17" el="97" ec="17" bec="0" bev="0" fileid="43" />
                <SequencePoint vc="3" uspid="7350" ordinal="0" offset="789" sl="98" sc="13" el="98" ec="13" bec="0" bev="0" fileid="43" />
                <SequencePoint vc="3" uspid="7351" ordinal="0" offset="790" sl="94" sc="53" el="94" ec="53" bec="0" bev="0" fileid="43" />
                <SequencePoint vc="4" uspid="7352" ordinal="0" offset="806" sl="94" sc="29" el="94" ec="29" bec="0" bev="0" fileid="43" />
                <SequencePoint vc="1" uspid="7353" ordinal="0" offset="832" sl="100" sc="18" el="100" ec="18" bec="0" bev="0" fileid="43" />
                <SequencePoint vc="4" uspid="7354" ordinal="0" offset="844" sl="101" sc="13" el="101" ec="13" bec="0" bev="0" fileid="43" />
                <SequencePoint vc="4" uspid="7355" ordinal="0" offset="845" sl="102" sc="17" el="102" ec="17" bec="0" bev="0" fileid="43" />
                <SequencePoint vc="4" uspid="7356" ordinal="0" offset="905" sl="103" sc="17" el="103" ec="17" bec="0" bev="0" fileid="43" />
                <SequencePoint vc="4" uspid="7357" ordinal="0" offset="973" sl="104" sc="13" el="104" ec="13" bec="0" bev="0" fileid="43" />
                <SequencePoint vc="4" uspid="7358" ordinal="0" offset="974" sl="100" sc="54" el="100" ec="54" bec="0" bev="0" fileid="43" />
                <SequencePoint vc="5" uspid="7359" ordinal="0" offset="990" sl="100" sc="29" el="100" ec="29" bec="0" bev="0" fileid="43" />
                <SequencePoint vc="1" uspid="7360" ordinal="0" offset="1018" sl="105" sc="13" el="105" ec="13" bec="0" bev="0" fileid="43" />
                <SequencePoint vc="1" uspid="7361" ordinal="0" offset="1024" sl="106" sc="13" el="106" ec="13" bec="0" bev="0" fileid="43" />
                <SequencePoint vc="1" uspid="7362" ordinal="0" offset="1042" sl="107" sc="9" el="107" ec="9" bec="0" bev="0" fileid="43" />
              </SequencePoints>
              <BranchPoints />
            </Method>
          </Methods>
        </Class>
      </Classes>
    </Module>
  </Modules>
</CoverageSession>